mode: atomic
github.com/SkyPanel/SkyPanel/v3/conditions/executor.go:17.104,19.2 1 8
github.com/SkyPanel/SkyPanel/v3/conditions/executor.go:21.107,25.20 3 14
github.com/SkyPanel/SkyPanel/v3/conditions/executor.go:25.20,27.3 1 14
github.com/SkyPanel/SkyPanel/v3/conditions/executor.go:30.2,30.21 1 14
github.com/SkyPanel/SkyPanel/v3/conditions/executor.go:30.21,31.43 1 2
github.com/SkyPanel/SkyPanel/v3/conditions/executor.go:31.43,33.4 1 2
github.com/SkyPanel/SkyPanel/v3/conditions/executor.go:36.2,38.25 2 14
github.com/SkyPanel/SkyPanel/v3/conditions/executor.go:38.25,41.3 2 14
github.com/SkyPanel/SkyPanel/v3/conditions/executor.go:43.2,43.41 1 14
github.com/SkyPanel/SkyPanel/v3/conditions/executor.go:43.41,46.3 2 28
github.com/SkyPanel/SkyPanel/v3/conditions/executor.go:48.2,49.16 2 14
github.com/SkyPanel/SkyPanel/v3/conditions/executor.go:49.16,51.3 1 0
github.com/SkyPanel/SkyPanel/v3/conditions/executor.go:53.2,54.42 2 14
github.com/SkyPanel/SkyPanel/v3/conditions/executor.go:54.42,56.3 1 1
github.com/SkyPanel/SkyPanel/v3/conditions/executor.go:58.2,59.16 2 13
github.com/SkyPanel/SkyPanel/v3/conditions/executor.go:59.16,61.3 1 0
github.com/SkyPanel/SkyPanel/v3/conditions/executor.go:63.2,64.16 2 13
github.com/SkyPanel/SkyPanel/v3/conditions/executor.go:64.16,66.3 1 0
github.com/SkyPanel/SkyPanel/v3/conditions/executor.go:67.2,68.29 2 13
github.com/SkyPanel/SkyPanel/v3/conditions/executor.go:68.29,70.3 1 13
github.com/SkyPanel/SkyPanel/v3/conditions/executor.go:72.2,72.110 1 0
github.com/SkyPanel/SkyPanel/v3/conditions/executor.go:77.103,80.89 2 6
github.com/SkyPanel/SkyPanel/v3/conditions/executor.go:80.89,83.20 3 6
github.com/SkyPanel/SkyPanel/v3/conditions/executor.go:83.20,86.4 2 1
github.com/SkyPanel/SkyPanel/v3/conditions/executor.go:87.3,87.16 1 5
github.com/SkyPanel/SkyPanel/v3/conditions/executor.go:90.2,90.20 1 6
github.com/SkyPanel/SkyPanel/v3/internal/models/backup.go:23.40,25.16 2 0
github.com/SkyPanel/SkyPanel/v3/internal/models/backup.go:25.16,27.3 1 0
github.com/SkyPanel/SkyPanel/v3/internal/models/backup.go:28.2,28.8 1 0
github.com/SkyPanel/SkyPanel/v3/internal/models/backup.go:31.51,34.2 2 0
github.com/SkyPanel/SkyPanel/v3/internal/models/client.go:29.55,32.16 2 0
github.com/SkyPanel/SkyPanel/v3/internal/models/client.go:32.16,34.3 1 0
github.com/SkyPanel/SkyPanel/v3/internal/models/client.go:36.2,36.12 1 0
github.com/SkyPanel/SkyPanel/v3/internal/models/client.go:39.53,41.2 1 0
github.com/SkyPanel/SkyPanel/v3/internal/models/client.go:43.40,46.16 2 0
github.com/SkyPanel/SkyPanel/v3/internal/models/client.go:46.16,48.3 1 0
github.com/SkyPanel/SkyPanel/v3/internal/models/client.go:50.2,50.8 1 0
github.com/SkyPanel/SkyPanel/v3/internal/models/client.go:53.45,55.2 1 0
github.com/SkyPanel/SkyPanel/v3/internal/models/database.go:29.42,31.16 2 0
github.com/SkyPanel/SkyPanel/v3/internal/models/database.go:31.16,33.3 1 0
github.com/SkyPanel/SkyPanel/v3/internal/models/database.go:34.2,34.8 1 0
github.com/SkyPanel/SkyPanel/v3/internal/models/database.go:37.53,40.2 2 0
github.com/SkyPanel/SkyPanel/v3/internal/models/database.go:42.39,44.2 1 0
github.com/SkyPanel/SkyPanel/v3/internal/models/databasehost.go:24.47,26.16 2 0
github.com/SkyPanel/SkyPanel/v3/internal/models/databasehost.go:26.16,28.3 1 0
github.com/SkyPanel/SkyPanel/v3/internal/models/databasehost.go:29.2,29.8 1 0
github.com/SkyPanel/SkyPanel/v3/internal/models/databasehost.go:32.58,35.2 2 0
github.com/SkyPanel/SkyPanel/v3/internal/models/databasehost.go:37.44,39.2 1 0
github.com/SkyPanel/SkyPanel/v3/internal/models/node.go:32.38,34.16 2 1
github.com/SkyPanel/SkyPanel/v3/internal/models/node.go:34.16,36.3 1 0
github.com/SkyPanel/SkyPanel/v3/internal/models/node.go:37.2,37.8 1 1
github.com/SkyPanel/SkyPanel/v3/internal/models/node.go:40.49,42.16 2 1
github.com/SkyPanel/SkyPanel/v3/internal/models/node.go:42.16,44.3 1 0
github.com/SkyPanel/SkyPanel/v3/internal/models/node.go:45.2,45.17 1 1
github.com/SkyPanel/SkyPanel/v3/internal/models/node.go:45.17,47.3 1 0
github.com/SkyPanel/SkyPanel/v3/internal/models/node.go:48.2,48.8 1 1
github.com/SkyPanel/SkyPanel/v3/internal/models/node.go:51.31,55.41 2 3
github.com/SkyPanel/SkyPanel/v3/internal/models/node.go:55.41,56.56 1 0
github.com/SkyPanel/SkyPanel/v3/internal/models/node.go:56.56,58.4 1 0
github.com/SkyPanel/SkyPanel/v3/internal/models/node.go:61.2,61.13 1 3
github.com/SkyPanel/SkyPanel/v3/internal/models/node.go:61.13,62.42 1 0
github.com/SkyPanel/SkyPanel/v3/internal/models/node.go:62.42,66.121 1 0
github.com/SkyPanel/SkyPanel/v3/internal/models/node.go:66.121,68.5 1 0
github.com/SkyPanel/SkyPanel/v3/internal/models/node.go:70.3,70.14 1 0
github.com/SkyPanel/SkyPanel/v3/internal/models/node.go:74.2,74.58 1 3
github.com/SkyPanel/SkyPanel/v3/internal/models/node.go:88.13,90.16 2 1
github.com/SkyPanel/SkyPanel/v3/internal/models/node.go:90.16,91.13 1 0
github.com/SkyPanel/SkyPanel/v3/internal/models/node.go:93.2,93.60 1 1
github.com/SkyPanel/SkyPanel/v3/internal/models/nodeview.go:22.34,33.2 1 1
github.com/SkyPanel/SkyPanel/v3/internal/models/nodeview.go:35.38,38.22 2 1
github.com/SkyPanel/SkyPanel/v3/internal/models/nodeview.go:38.22,40.3 1 1
github.com/SkyPanel/SkyPanel/v3/internal/models/nodeview.go:42.2,42.16 1 1
github.com/SkyPanel/SkyPanel/v3/internal/models/nodeview.go:45.48,46.18 1 0
github.com/SkyPanel/SkyPanel/v3/internal/models/nodeview.go:46.18,48.3 1 0
github.com/SkyPanel/SkyPanel/v3/internal/models/nodeview.go:50.2,50.24 1 0
github.com/SkyPanel/SkyPanel/v3/internal/models/nodeview.go:50.24,52.3 1 0
github.com/SkyPanel/SkyPanel/v3/internal/models/nodeview.go:54.2,54.25 1 0
github.com/SkyPanel/SkyPanel/v3/internal/models/nodeview.go:54.25,56.3 1 0
github.com/SkyPanel/SkyPanel/v3/internal/models/nodeview.go:58.2,58.22 1 0
github.com/SkyPanel/SkyPanel/v3/internal/models/nodeview.go:58.22,60.3 1 0
github.com/SkyPanel/SkyPanel/v3/internal/models/nodeview.go:62.2,62.23 1 0
github.com/SkyPanel/SkyPanel/v3/internal/models/nodeview.go:62.23,64.3 1 0
github.com/SkyPanel/SkyPanel/v3/internal/models/nodeview.go:66.2,66.20 1 0
github.com/SkyPanel/SkyPanel/v3/internal/models/nodeview.go:66.20,68.3 1 0
github.com/SkyPanel/SkyPanel/v3/internal/models/nodeview.go:71.49,74.60 2 0
github.com/SkyPanel/SkyPanel/v3/internal/models/nodeview.go:74.60,76.3 1 0
github.com/SkyPanel/SkyPanel/v3/internal/models/nodeview.go:78.2,78.57 1 0
github.com/SkyPanel/SkyPanel/v3/internal/models/nodeview.go:78.57,80.3 1 0
github.com/SkyPanel/SkyPanel/v3/internal/models/nodeview.go:82.2,83.24 2 0
github.com/SkyPanel/SkyPanel/v3/internal/models/nodeview.go:83.24,85.3 1 0
github.com/SkyPanel/SkyPanel/v3/internal/models/nodeview.go:87.2,87.66 1 0
github.com/SkyPanel/SkyPanel/v3/internal/models/nodeview.go:87.66,89.3 1 0
github.com/SkyPanel/SkyPanel/v3/internal/models/nodeview.go:91.2,91.60 1 0
github.com/SkyPanel/SkyPanel/v3/internal/models/nodeview.go:91.60,93.3 1 0
github.com/SkyPanel/SkyPanel/v3/internal/models/nodeview.go:95.2,95.67 1 0
github.com/SkyPanel/SkyPanel/v3/internal/models/nodeview.go:95.67,97.3 1 0
github.com/SkyPanel/SkyPanel/v3/internal/models/nodeview.go:99.2,99.66 1 0
github.com/SkyPanel/SkyPanel/v3/internal/models/nodeview.go:99.66,101.3 1 0
github.com/SkyPanel/SkyPanel/v3/internal/models/nodeview.go:103.2,103.16 1 0
github.com/SkyPanel/SkyPanel/v3/internal/models/nodeview.go:103.16,104.59 1 0
github.com/SkyPanel/SkyPanel/v3/internal/models/nodeview.go:104.59,106.4 1 0
github.com/SkyPanel/SkyPanel/v3/internal/models/nodeview.go:108.3,108.60 1 0
github.com/SkyPanel/SkyPanel/v3/internal/models/nodeview.go:108.60,110.4 1 0
github.com/SkyPanel/SkyPanel/v3/internal/models/nodeview.go:112.3,112.57 1 0
github.com/SkyPanel/SkyPanel/v3/internal/models/nodeview.go:112.57,114.4 1 0
github.com/SkyPanel/SkyPanel/v3/internal/models/nodeview.go:115.8,116.59 1 0
github.com/SkyPanel/SkyPanel/v3/internal/models/nodeview.go:116.59,118.4 1 0
github.com/SkyPanel/SkyPanel/v3/internal/models/nodeview.go:120.3,120.60 1 0
github.com/SkyPanel/SkyPanel/v3/internal/models/nodeview.go:120.60,122.4 1 0
github.com/SkyPanel/SkyPanel/v3/internal/models/nodeview.go:124.3,124.57 1 0
github.com/SkyPanel/SkyPanel/v3/internal/models/nodeview.go:124.57,126.4 1 0
github.com/SkyPanel/SkyPanel/v3/internal/models/nodeview.go:129.2,129.51 1 0
github.com/SkyPanel/SkyPanel/v3/internal/models/nodeview.go:129.51,131.3 1 0
github.com/SkyPanel/SkyPanel/v3/internal/models/nodeview.go:133.2,133.52 1 0
github.com/SkyPanel/SkyPanel/v3/internal/models/nodeview.go:133.52,135.3 1 0
github.com/SkyPanel/SkyPanel/v3/internal/models/nodeview.go:137.2,137.12 1 0
github.com/SkyPanel/SkyPanel/v3/internal/models/panelsetting.go:8.40,10.2 1 0
github.com/SkyPanel/SkyPanel/v3/internal/models/permission.go:28.50,29.60 1 0
github.com/SkyPanel/SkyPanel/v3/internal/models/permission.go:29.60,31.3 1 0
github.com/SkyPanel/SkyPanel/v3/internal/models/permission.go:33.2,33.31 1 0
github.com/SkyPanel/SkyPanel/v3/internal/models/permission.go:33.31,36.3 1 0
github.com/SkyPanel/SkyPanel/v3/internal/models/permission.go:38.2,39.29 2 0
github.com/SkyPanel/SkyPanel/v3/internal/models/permission.go:39.29,41.3 1 0
github.com/SkyPanel/SkyPanel/v3/internal/models/permission.go:42.2,43.12 2 0
github.com/SkyPanel/SkyPanel/v3/internal/models/permission.go:46.49,48.23 2 0
github.com/SkyPanel/SkyPanel/v3/internal/models/permission.go:48.23,49.53 1 0
github.com/SkyPanel/SkyPanel/v3/internal/models/permission.go:49.53,52.4 1 0
github.com/SkyPanel/SkyPanel/v3/internal/models/permission.go:55.2,55.12 1 0
github.com/SkyPanel/SkyPanel/v3/internal/models/permission.go:58.43,59.31 1 0
github.com/SkyPanel/SkyPanel/v3/internal/models/permission.go:59.31,61.3 1 0
github.com/SkyPanel/SkyPanel/v3/internal/models/permission.go:62.2,62.27 1 0
github.com/SkyPanel/SkyPanel/v3/internal/models/permissionview.go:13.53,18.25 2 0
github.com/SkyPanel/SkyPanel/v3/internal/models/permissionview.go:18.25,20.3 1 0
github.com/SkyPanel/SkyPanel/v3/internal/models/permissionview.go:22.2,22.14 1 0
github.com/SkyPanel/SkyPanel/v3/internal/models/recoverycode.go:20.52,22.16 2 0
github.com/SkyPanel/SkyPanel/v3/internal/models/recoverycode.go:22.16,24.3 1 0
github.com/SkyPanel/SkyPanel/v3/internal/models/recoverycode.go:26.2,27.16 2 0
github.com/SkyPanel/SkyPanel/v3/internal/models/recoverycode.go:27.16,29.3 1 0
github.com/SkyPanel/SkyPanel/v3/internal/models/recoverycode.go:31.2,32.12 2 0
github.com/SkyPanel/SkyPanel/v3/internal/models/recoverycode.go:35.47,37.16 2 0
github.com/SkyPanel/SkyPanel/v3/internal/models/recoverycode.go:37.16,39.3 1 0
github.com/SkyPanel/SkyPanel/v3/internal/models/recoverycode.go:40.2,40.8 1 0
github.com/SkyPanel/SkyPanel/v3/internal/models/recoverycode.go:43.52,45.2 1 0
github.com/SkyPanel/SkyPanel/v3/internal/models/role.go:21.43,23.23 1 0
github.com/SkyPanel/SkyPanel/v3/internal/models/role.go:23.23,25.3 1 0
github.com/SkyPanel/SkyPanel/v3/internal/models/role.go:25.8,27.3 1 0
github.com/SkyPanel/SkyPanel/v3/internal/models/role.go:30.2,31.16 2 0
github.com/SkyPanel/SkyPanel/v3/internal/models/role.go:31.16,33.3 1 0
github.com/SkyPanel/SkyPanel/v3/internal/models/role.go:34.2,34.12 1 0
github.com/SkyPanel/SkyPanel/v3/internal/models/role.go:37.42,40.23 2 0
github.com/SkyPanel/SkyPanel/v3/internal/models/role.go:40.23,43.34 2 0
github.com/SkyPanel/SkyPanel/v3/internal/models/role.go:43.34,45.4 1 0
github.com/SkyPanel/SkyPanel/v3/internal/models/role.go:47.2,47.12 1 0
github.com/SkyPanel/SkyPanel/v3/internal/models/server.go:43.40,45.16 2 1
github.com/SkyPanel/SkyPanel/v3/internal/models/server.go:45.16,47.3 1 0
github.com/SkyPanel/SkyPanel/v3/internal/models/server.go:48.2,48.8 1 1
github.com/SkyPanel/SkyPanel/v3/internal/models/server.go:51.51,53.39 2 1
github.com/SkyPanel/SkyPanel/v3/internal/models/server.go:53.39,55.3 1 0
github.com/SkyPanel/SkyPanel/v3/internal/models/server.go:55.8,57.3 1 1
github.com/SkyPanel/SkyPanel/v3/internal/models/server.go:58.2,58.8 1 1
github.com/SkyPanel/SkyPanel/v3/internal/models/server.go:61.50,62.56 1 0
github.com/SkyPanel/SkyPanel/v3/internal/models/server.go:62.56,65.3 2 0
github.com/SkyPanel/SkyPanel/v3/internal/models/server.go:65.8,67.3 1 0
github.com/SkyPanel/SkyPanel/v3/internal/models/server.go:68.2,68.8 1 0
github.com/SkyPanel/SkyPanel/v3/internal/models/serverview.go:33.45,51.2 2 0
github.com/SkyPanel/SkyPanel/v3/internal/models/serverview.go:53.51,56.28 2 0
github.com/SkyPanel/SkyPanel/v3/internal/models/serverview.go:56.28,58.3 1 0
github.com/SkyPanel/SkyPanel/v3/internal/models/serverview.go:60.2,60.15 1 0
github.com/SkyPanel/SkyPanel/v3/internal/models/serverview.go:63.51,66.60 2 0
github.com/SkyPanel/SkyPanel/v3/internal/models/serverview.go:66.60,68.3 1 0
github.com/SkyPanel/SkyPanel/v3/internal/models/serverview.go:70.2,70.60 1 0
github.com/SkyPanel/SkyPanel/v3/internal/models/serverview.go:70.60,72.3 1 0
github.com/SkyPanel/SkyPanel/v3/internal/models/serverview.go:74.2,74.57 1 0
github.com/SkyPanel/SkyPanel/v3/internal/models/serverview.go:74.57,76.3 1 0
github.com/SkyPanel/SkyPanel/v3/internal/models/serverview.go:78.2,78.68 1 0
github.com/SkyPanel/SkyPanel/v3/internal/models/serverview.go:78.68,80.3 1 0
github.com/SkyPanel/SkyPanel/v3/internal/models/serverview.go:82.2,82.52 1 0
github.com/SkyPanel/SkyPanel/v3/internal/models/serverview.go:82.52,84.3 1 0
github.com/SkyPanel/SkyPanel/v3/internal/models/serverview.go:86.2,86.12 1 0
github.com/SkyPanel/SkyPanel/v3/internal/models/serverview.go:89.74,90.28 1 0
github.com/SkyPanel/SkyPanel/v3/internal/models/serverview.go:90.28,92.3 1 0
github.com/SkyPanel/SkyPanel/v3/internal/models/serverview.go:93.2,93.16 1 0
github.com/SkyPanel/SkyPanel/v3/internal/models/serverview.go:96.62,98.24 1 0
github.com/SkyPanel/SkyPanel/v3/internal/models/serverview.go:98.24,101.3 2 0
github.com/SkyPanel/SkyPanel/v3/internal/models/serverview.go:103.2,103.15 1 0
github.com/SkyPanel/SkyPanel/v3/internal/models/template.go:19.46,21.16 2 0
github.com/SkyPanel/SkyPanel/v3/internal/models/template.go:21.16,23.3 1 0
github.com/SkyPanel/SkyPanel/v3/internal/models/template.go:24.2,25.12 2 0
github.com/SkyPanel/SkyPanel/v3/internal/models/template.go:28.47,30.16 2 0
github.com/SkyPanel/SkyPanel/v3/internal/models/template.go:30.16,32.3 1 0
github.com/SkyPanel/SkyPanel/v3/internal/models/template.go:33.2,34.12 2 0
github.com/SkyPanel/SkyPanel/v3/internal/models/uptime.go:24.46,26.16 2 0
github.com/SkyPanel/SkyPanel/v3/internal/models/uptime.go:26.16,28.3 1 0
github.com/SkyPanel/SkyPanel/v3/internal/models/uptime.go:29.2,29.8 1 0
github.com/SkyPanel/SkyPanel/v3/internal/models/uptime.go:32.57,35.2 2 0
github.com/SkyPanel/SkyPanel/v3/internal/models/user.go:28.45,31.16 2 0
github.com/SkyPanel/SkyPanel/v3/internal/models/user.go:31.16,33.3 1 0
github.com/SkyPanel/SkyPanel/v3/internal/models/user.go:35.2,35.12 1 0
github.com/SkyPanel/SkyPanel/v3/internal/models/user.go:38.38,40.16 2 1
github.com/SkyPanel/SkyPanel/v3/internal/models/user.go:40.16,42.3 1 0
github.com/SkyPanel/SkyPanel/v3/internal/models/user.go:43.2,43.8 1 1
github.com/SkyPanel/SkyPanel/v3/internal/models/user.go:46.49,49.2 2 1
github.com/SkyPanel/SkyPanel/v3/internal/models/usersettingview.go:10.61,15.2 1 0
github.com/SkyPanel/SkyPanel/v3/internal/models/usersettingview.go:17.65,20.29 2 0
github.com/SkyPanel/SkyPanel/v3/internal/models/usersettingview.go:20.29,22.3 1 0
github.com/SkyPanel/SkyPanel/v3/internal/models/usersettingview.go:24.2,24.15 1 0
github.com/SkyPanel/SkyPanel/v3/internal/models/userview.go:21.38,32.38 2 0
github.com/SkyPanel/SkyPanel/v3/internal/models/userview.go:32.38,33.61 1 0
github.com/SkyPanel/SkyPanel/v3/internal/models/userview.go:33.61,34.31 1 0
github.com/SkyPanel/SkyPanel/v3/internal/models/userview.go:34.31,36.5 1 0
github.com/SkyPanel/SkyPanel/v3/internal/models/userview.go:41.2,41.47 1 0
github.com/SkyPanel/SkyPanel/v3/internal/models/userview.go:41.47,42.39 1 0
github.com/SkyPanel/SkyPanel/v3/internal/models/userview.go:42.39,44.4 1 0
github.com/SkyPanel/SkyPanel/v3/internal/models/userview.go:47.2,47.13 1 0
github.com/SkyPanel/SkyPanel/v3/internal/models/userview.go:50.43,53.26 2 0
github.com/SkyPanel/SkyPanel/v3/internal/models/userview.go:53.26,55.3 1 0
github.com/SkyPanel/SkyPanel/v3/internal/models/userview.go:57.2,57.15 1 0
github.com/SkyPanel/SkyPanel/v3/internal/models/userview.go:60.52,61.26 1 0
github.com/SkyPanel/SkyPanel/v3/internal/models/userview.go:61.26,63.3 1 0
github.com/SkyPanel/SkyPanel/v3/internal/models/userview.go:65.2,65.23 1 0
github.com/SkyPanel/SkyPanel/v3/internal/models/userview.go:65.23,67.3 1 0
github.com/SkyPanel/SkyPanel/v3/internal/models/userview.go:69.2,69.26 1 0
github.com/SkyPanel/SkyPanel/v3/internal/models/userview.go:69.26,71.3 1 0
github.com/SkyPanel/SkyPanel/v3/internal/models/userview.go:73.2,73.32 1 0
github.com/SkyPanel/SkyPanel/v3/internal/models/userview.go:76.53,79.24 2 8
github.com/SkyPanel/SkyPanel/v3/internal/models/userview.go:79.24,81.3 1 2
github.com/SkyPanel/SkyPanel/v3/internal/models/userview.go:83.2,84.20 2 6
github.com/SkyPanel/SkyPanel/v3/internal/models/userview.go:84.20,86.3 1 2
github.com/SkyPanel/SkyPanel/v3/internal/models/userview.go:88.2,88.12 1 4
github.com/SkyPanel/SkyPanel/v3/internal/models/userview.go:91.61,94.68 2 8
github.com/SkyPanel/SkyPanel/v3/internal/models/userview.go:94.68,96.3 1 1
github.com/SkyPanel/SkyPanel/v3/internal/models/userview.go:98.2,98.65 1 7
github.com/SkyPanel/SkyPanel/v3/internal/models/userview.go:98.65,100.3 1 1
github.com/SkyPanel/SkyPanel/v3/internal/models/userview.go:102.2,102.68 1 6
github.com/SkyPanel/SkyPanel/v3/internal/models/userview.go:102.68,104.3 1 0
github.com/SkyPanel/SkyPanel/v3/internal/models/userview.go:106.2,106.12 1 6
github.com/SkyPanel/SkyPanel/v3/internal/models/userview.go:109.58,112.65 2 6
github.com/SkyPanel/SkyPanel/v3/internal/models/userview.go:112.65,114.3 1 0
github.com/SkyPanel/SkyPanel/v3/internal/models/userview.go:116.2,116.65 1 6
github.com/SkyPanel/SkyPanel/v3/internal/models/userview.go:116.65,118.3 1 2
github.com/SkyPanel/SkyPanel/v3/internal/models/userview.go:120.2,120.12 1 4
github.com/SkyPanel/SkyPanel/v3/internal/logging/logger.go:20.32,21.14 1 0
github.com/SkyPanel/SkyPanel/v3/internal/logging/logger.go:21.14,23.22 2 0
github.com/SkyPanel/SkyPanel/v3/internal/logging/logger.go:23.22,25.4 1 0
github.com/SkyPanel/SkyPanel/v3/internal/logging/logger.go:27.3,28.37 2 0
github.com/SkyPanel/SkyPanel/v3/internal/logging/logger.go:28.37,29.14 1 0
github.com/SkyPanel/SkyPanel/v3/internal/logging/logger.go:32.3,33.17 2 0
github.com/SkyPanel/SkyPanel/v3/internal/logging/logger.go:33.17,34.14 1 0
github.com/SkyPanel/SkyPanel/v3/internal/logging/logger.go:37.3,38.36 2 0
github.com/SkyPanel/SkyPanel/v3/internal/logging/logger.go:45.2,62.12 10 0
github.com/SkyPanel/SkyPanel/v3/internal/logging/logger.go:62.12,64.3 1 0
github.com/SkyPanel/SkyPanel/v3/internal/logging/logger.go:66.2,66.12 1 0
github.com/SkyPanel/SkyPanel/v3/internal/logging/logger.go:66.12,68.3 1 0
github.com/SkyPanel/SkyPanel/v3/internal/logging/logger.go:70.2,71.18 2 0
github.com/SkyPanel/SkyPanel/v3/internal/logging/logger.go:74.14,75.21 1 0
github.com/SkyPanel/SkyPanel/v3/internal/logging/logger.go:75.21,77.3 1 0
github.com/SkyPanel/SkyPanel/v3/internal/logging/multi.go:21.58,22.30 1 0
github.com/SkyPanel/SkyPanel/v3/internal/logging/multi.go:22.30,23.15 1 0
github.com/SkyPanel/SkyPanel/v3/internal/logging/multi.go:23.15,24.12 1 0
github.com/SkyPanel/SkyPanel/v3/internal/logging/multi.go:26.3,27.17 2 0
github.com/SkyPanel/SkyPanel/v3/internal/logging/multi.go:27.17,29.4 1 0
github.com/SkyPanel/SkyPanel/v3/internal/logging/multi.go:30.3,30.18 1 0
github.com/SkyPanel/SkyPanel/v3/internal/logging/multi.go:30.18,33.4 2 0
github.com/SkyPanel/SkyPanel/v3/internal/logging/multi.go:35.2,35.20 1 0
github.com/SkyPanel/SkyPanel/v3/internal/logging/multi.go:40.64,43.30 3 0
github.com/SkyPanel/SkyPanel/v3/internal/logging/multi.go:43.30,44.40 1 0
github.com/SkyPanel/SkyPanel/v3/internal/logging/multi.go:44.40,46.4 1 0
github.com/SkyPanel/SkyPanel/v3/internal/logging/multi.go:46.9,47.16 1 0
github.com/SkyPanel/SkyPanel/v3/internal/logging/multi.go:47.16,49.5 1 0
github.com/SkyPanel/SkyPanel/v3/internal/logging/multi.go:50.4,50.23 1 0
github.com/SkyPanel/SkyPanel/v3/internal/logging/multi.go:52.3,52.32 1 0
github.com/SkyPanel/SkyPanel/v3/internal/logging/multi.go:52.32,54.4 1 0
github.com/SkyPanel/SkyPanel/v3/internal/logging/multi.go:55.3,55.36 1 0
github.com/SkyPanel/SkyPanel/v3/internal/logging/multi.go:55.36,57.4 1 0
github.com/SkyPanel/SkyPanel/v3/internal/logging/multi.go:59.2,59.25 1 0
github.com/SkyPanel/SkyPanel/v3/internal/logging/multi.go:68.50,70.28 2 0
github.com/SkyPanel/SkyPanel/v3/internal/logging/multi.go:70.28,71.16 1 0
github.com/SkyPanel/SkyPanel/v3/internal/logging/multi.go:71.16,72.12 1 0
github.com/SkyPanel/SkyPanel/v3/internal/logging/multi.go:74.3,74.37 1 0
github.com/SkyPanel/SkyPanel/v3/internal/logging/multi.go:74.37,76.4 1 0
github.com/SkyPanel/SkyPanel/v3/internal/logging/multi.go:76.9,78.4 1 0
github.com/SkyPanel/SkyPanel/v3/internal/logging/multi.go:80.2,80.33 1 0
github.com/SkyPanel/SkyPanel/v3/internal/logging/multi.go:83.27,84.16 1 0
github.com/SkyPanel/SkyPanel/v3/internal/logging/multi.go:84.16,86.3 1 0
github.com/SkyPanel/SkyPanel/v3/internal/logging/multi.go:88.2,90.11 3 0
github.com/SkyPanel/SkyPanel/v3/internal/logging/multi.go:92.59,93.19 1 0
github.com/SkyPanel/SkyPanel/v3/internal/logging/multi.go:96.2,96.14 1 0
github.com/SkyPanel/SkyPanel/v3/internal/logging/rotator.go:18.54,21.21 3 0
github.com/SkyPanel/SkyPanel/v3/internal/logging/rotator.go:21.21,23.3 1 0
github.com/SkyPanel/SkyPanel/v3/internal/logging/rotator.go:24.2,24.26 1 0
github.com/SkyPanel/SkyPanel/v3/internal/logging/rotator.go:27.33,28.21 1 0
github.com/SkyPanel/SkyPanel/v3/internal/logging/rotator.go:28.21,30.3 1 0
github.com/SkyPanel/SkyPanel/v3/internal/logging/rotator.go:31.2,31.25 1 0
github.com/SkyPanel/SkyPanel/v3/internal/logging/rotator.go:34.53,40.2 5 0
github.com/SkyPanel/SkyPanel/v3/internal/logging/rotator.go:42.45,43.28 1 0
github.com/SkyPanel/SkyPanel/v3/internal/logging/rotator.go:43.28,45.7 2 0
github.com/SkyPanel/SkyPanel/v3/internal/logging/rotator.go:45.7,51.18 4 0
github.com/SkyPanel/SkyPanel/v3/internal/logging/rotator.go:51.18,52.15 1 0
github.com/SkyPanel/SkyPanel/v3/internal/logging/rotator.go:55.4,55.21 1 0
github.com/SkyPanel/SkyPanel/v3/files/compression.go:26.61,33.66 4 0
github.com/SkyPanel/SkyPanel/v3/files/compression.go:33.66,36.42 2 0
github.com/SkyPanel/SkyPanel/v3/files/compression.go:36.42,38.4 1 0
github.com/SkyPanel/SkyPanel/v3/files/compression.go:39.3,40.21 2 0
github.com/SkyPanel/SkyPanel/v3/files/compression.go:40.21,43.4 2 0
github.com/SkyPanel/SkyPanel/v3/files/compression.go:44.3,44.23 1 0
github.com/SkyPanel/SkyPanel/v3/files/compression.go:44.23,46.4 1 0
github.com/SkyPanel/SkyPanel/v3/files/compression.go:47.3,47.13 1 0
github.com/SkyPanel/SkyPanel/v3/files/compression.go:50.2,50.16 1 0
github.com/SkyPanel/SkyPanel/v3/files/compression.go:50.16,52.3 1 0
github.com/SkyPanel/SkyPanel/v3/files/compression.go:54.2,54.26 1 0
github.com/SkyPanel/SkyPanel/v3/files/compression.go:57.108,58.15 1 0
github.com/SkyPanel/SkyPanel/v3/files/compression.go:58.15,60.3 1 0
github.com/SkyPanel/SkyPanel/v3/files/compression.go:62.2,62.14 1 0
github.com/SkyPanel/SkyPanel/v3/files/compression.go:62.14,65.17 3 0
github.com/SkyPanel/SkyPanel/v3/files/compression.go:65.17,67.4 1 0
github.com/SkyPanel/SkyPanel/v3/files/compression.go:70.2,70.23 1 0
github.com/SkyPanel/SkyPanel/v3/files/compression.go:70.23,72.3 1 0
github.com/SkyPanel/SkyPanel/v3/files/compression.go:74.2,74.76 1 0
github.com/SkyPanel/SkyPanel/v3/files/compression.go:77.71,78.21 1 0
github.com/SkyPanel/SkyPanel/v3/files/compression.go:78.21,80.3 1 0
github.com/SkyPanel/SkyPanel/v3/files/compression.go:82.2,82.15 1 0
github.com/SkyPanel/SkyPanel/v3/files/compression.go:82.15,88.27 4 0
github.com/SkyPanel/SkyPanel/v3/files/compression.go:88.27,90.32 2 0
github.com/SkyPanel/SkyPanel/v3/files/compression.go:90.32,92.35 2 0
github.com/SkyPanel/SkyPanel/v3/files/compression.go:92.35,94.29 1 0
github.com/SkyPanel/SkyPanel/v3/files/compression.go:94.29,96.7 1 0
github.com/SkyPanel/SkyPanel/v3/files/compression.go:98.10,98.37 1 0
github.com/SkyPanel/SkyPanel/v3/files/compression.go:98.37,100.5 1 0
github.com/SkyPanel/SkyPanel/v3/files/compression.go:102.3,102.24 1 0
github.com/SkyPanel/SkyPanel/v3/files/compression.go:105.2,105.44 1 0
github.com/SkyPanel/SkyPanel/v3/files/compression.go:108.88,109.46 1 0
github.com/SkyPanel/SkyPanel/v3/files/compression.go:109.46,112.50 2 0
github.com/SkyPanel/SkyPanel/v3/files/compression.go:112.50,114.4 1 0
github.com/SkyPanel/SkyPanel/v3/files/compression.go:116.3,116.15 1 0
github.com/SkyPanel/SkyPanel/v3/files/compression.go:116.15,118.4 1 0
github.com/SkyPanel/SkyPanel/v3/files/compression.go:120.3,123.10 3 0
github.com/SkyPanel/SkyPanel/v3/files/compression.go:124.28,125.17 1 0
github.com/SkyPanel/SkyPanel/v3/files/compression.go:125.17,126.50 1 0
github.com/SkyPanel/SkyPanel/v3/files/compression.go:126.50,128.6 1 0
github.com/SkyPanel/SkyPanel/v3/files/compression.go:129.10,130.50 1 0
github.com/SkyPanel/SkyPanel/v3/files/compression.go:130.50,132.6 1 0
github.com/SkyPanel/SkyPanel/v3/files/compression.go:134.32,135.17 1 0
github.com/SkyPanel/SkyPanel/v3/files/compression.go:135.17,136.52 1 0
github.com/SkyPanel/SkyPanel/v3/files/compression.go:136.52,138.6 1 0
github.com/SkyPanel/SkyPanel/v3/files/compression.go:139.10,140.52 1 0
github.com/SkyPanel/SkyPanel/v3/files/compression.go:140.52,142.6 1 0
github.com/SkyPanel/SkyPanel/v3/files/compression.go:144.4,145.17 2 0
github.com/SkyPanel/SkyPanel/v3/files/compression.go:145.17,147.5 1 0
github.com/SkyPanel/SkyPanel/v3/files/compression.go:147.10,149.5 1 0
github.com/SkyPanel/SkyPanel/v3/files/compression.go:151.4,151.18 1 0
github.com/SkyPanel/SkyPanel/v3/files/compression.go:151.18,153.5 1 0
github.com/SkyPanel/SkyPanel/v3/files/compression.go:154.4,155.46 2 0
github.com/SkyPanel/SkyPanel/v3/files/compression.go:156.40,158.18 2 0
github.com/SkyPanel/SkyPanel/v3/files/compression.go:158.18,160.5 1 0
github.com/SkyPanel/SkyPanel/v3/files/compression.go:162.4,162.17 1 0
github.com/SkyPanel/SkyPanel/v3/files/compression.go:162.17,163.52 1 0
github.com/SkyPanel/SkyPanel/v3/files/compression.go:163.52,165.6 1 0
github.com/SkyPanel/SkyPanel/v3/files/compression.go:166.5,166.51 1 0
github.com/SkyPanel/SkyPanel/v3/files/compression.go:166.51,168.6 1 0
github.com/SkyPanel/SkyPanel/v3/files/compression.go:169.10,170.52 1 0
github.com/SkyPanel/SkyPanel/v3/files/compression.go:170.52,172.6 1 0
github.com/SkyPanel/SkyPanel/v3/files/compression.go:173.5,173.51 1 0
github.com/SkyPanel/SkyPanel/v3/files/compression.go:173.51,175.6 1 0
github.com/SkyPanel/SkyPanel/v3/files/compression.go:179.3,179.9 1 0
github.com/SkyPanel/SkyPanel/v3/files/compression.go:184.55,188.33 1 0
github.com/SkyPanel/SkyPanel/v3/files/compression.go:189.22,190.16 1 0
github.com/SkyPanel/SkyPanel/v3/files/compression.go:191.19,192.16 1 0
github.com/SkyPanel/SkyPanel/v3/files/compression.go:193.10,194.21 1 0
github.com/SkyPanel/SkyPanel/v3/files/compression.go:198.56,199.33 1 0
github.com/SkyPanel/SkyPanel/v3/files/compression.go:200.19,201.25 1 0
github.com/SkyPanel/SkyPanel/v3/files/compression.go:202.22,205.17 3 0
github.com/SkyPanel/SkyPanel/v3/files/compression.go:205.17,207.4 1 0
github.com/SkyPanel/SkyPanel/v3/files/compression.go:208.3,208.36 1 0
github.com/SkyPanel/SkyPanel/v3/files/compression.go:209.10,210.45 1 0
github.com/SkyPanel/SkyPanel/v3/files/files.go:10.39,12.16 2 0
github.com/SkyPanel/SkyPanel/v3/files/files.go:12.16,14.3 1 0
github.com/SkyPanel/SkyPanel/v3/files/files.go:15.2,18.16 3 0
github.com/SkyPanel/SkyPanel/v3/files/files.go:18.16,20.3 1 0
github.com/SkyPanel/SkyPanel/v3/files/files.go:21.2,22.16 2 0
github.com/SkyPanel/SkyPanel/v3/files/files.go:22.16,24.3 1 0
github.com/SkyPanel/SkyPanel/v3/files/files.go:25.2,27.12 3 0
github.com/SkyPanel/SkyPanel/v3/files/files.go:30.50,32.16 2 0
github.com/SkyPanel/SkyPanel/v3/files/files.go:32.16,34.3 1 0
github.com/SkyPanel/SkyPanel/v3/files/files.go:35.2,37.12 3 0
github.com/SkyPanel/SkyPanel/v3/files/filesystem.go:42.69,46.16 4 0
github.com/SkyPanel/SkyPanel/v3/files/filesystem.go:46.16,48.3 1 0
github.com/SkyPanel/SkyPanel/v3/files/filesystem.go:49.2,49.15 1 0
github.com/SkyPanel/SkyPanel/v3/files/filesystem.go:52.40,54.2 1 0
github.com/SkyPanel/SkyPanel/v3/files/filesystem.go:56.59,58.2 1 0
github.com/SkyPanel/SkyPanel/v3/files/filesystem.go:60.63,62.16 2 0
github.com/SkyPanel/SkyPanel/v3/files/filesystem.go:62.16,64.3 1 0
github.com/SkyPanel/SkyPanel/v3/files/filesystem.go:65.2,66.17 2 0
github.com/SkyPanel/SkyPanel/v3/files/filesystem.go:69.63,71.2 1 0
github.com/SkyPanel/SkyPanel/v3/files/filesystem.go:73.68,75.16 2 0
github.com/SkyPanel/SkyPanel/v3/files/filesystem.go:75.16,77.3 1 0
github.com/SkyPanel/SkyPanel/v3/files/filesystem.go:78.2,80.26 2 0
github.com/SkyPanel/SkyPanel/v3/files/filesystem.go:83.63,85.23 2 0
github.com/SkyPanel/SkyPanel/v3/files/filesystem.go:85.23,87.3 1 0
github.com/SkyPanel/SkyPanel/v3/files/filesystem.go:89.2,91.16 2 0
github.com/SkyPanel/SkyPanel/v3/files/filesystem.go:91.16,93.3 1 0
github.com/SkyPanel/SkyPanel/v3/files/filesystem.go:95.2,96.26 2 0
github.com/SkyPanel/SkyPanel/v3/files/filesystem.go:96.26,97.63 1 0
github.com/SkyPanel/SkyPanel/v3/files/filesystem.go:97.63,99.4 1 0
github.com/SkyPanel/SkyPanel/v3/files/filesystem.go:101.2,101.21 1 0
github.com/SkyPanel/SkyPanel/v3/files/filesystem.go:104.38,106.2 1 0
github.com/SkyPanel/SkyPanel/v3/files/filesystem.go:108.93,111.16 2 0
github.com/SkyPanel/SkyPanel/v3/files/filesystem.go:111.16,113.3 1 0
github.com/SkyPanel/SkyPanel/v3/files/filesystem.go:116.2,116.28 1 0
github.com/SkyPanel/SkyPanel/v3/files/filesystem.go:116.28,118.3 1 0
github.com/SkyPanel/SkyPanel/v3/files/filesystem.go:120.2,122.24 3 0
github.com/SkyPanel/SkyPanel/v3/files/filesystem.go:122.24,129.17 2 0
github.com/SkyPanel/SkyPanel/v3/files/filesystem.go:129.17,131.4 1 0
github.com/SkyPanel/SkyPanel/v3/files/filesystem.go:132.8,139.42 4 0
github.com/SkyPanel/SkyPanel/v3/files/filesystem.go:139.42,141.28 2 0
github.com/SkyPanel/SkyPanel/v3/files/filesystem.go:141.28,143.5 1 0
github.com/SkyPanel/SkyPanel/v3/files/filesystem.go:144.4,144.18 1 0
github.com/SkyPanel/SkyPanel/v3/files/filesystem.go:144.18,146.5 1 0
github.com/SkyPanel/SkyPanel/v3/files/filesystem.go:147.4,147.19 1 0
github.com/SkyPanel/SkyPanel/v3/files/filesystem.go:150.3,151.27 2 0
github.com/SkyPanel/SkyPanel/v3/files/filesystem.go:151.27,153.4 1 0
github.com/SkyPanel/SkyPanel/v3/files/filesystem.go:154.3,154.17 1 0
github.com/SkyPanel/SkyPanel/v3/files/filesystem.go:154.17,156.4 1 0
github.com/SkyPanel/SkyPanel/v3/files/filesystem.go:159.2,160.45 2 0
github.com/SkyPanel/SkyPanel/v3/files/filesystem.go:160.45,162.3 1 0
github.com/SkyPanel/SkyPanel/v3/files/filesystem.go:163.2,163.18 1 0
github.com/SkyPanel/SkyPanel/v3/files/filesystem.go:166.70,174.21 3 0
github.com/SkyPanel/SkyPanel/v3/files/filesystem.go:174.21,176.3 1 0
github.com/SkyPanel/SkyPanel/v3/files/filesystem.go:178.2,179.23 2 0
github.com/SkyPanel/SkyPanel/v3/files/filesystem.go:179.23,181.49 2 0
github.com/SkyPanel/SkyPanel/v3/files/filesystem.go:181.49,183.4 1 0
github.com/SkyPanel/SkyPanel/v3/files/filesystem.go:186.2,186.12 1 0
github.com/SkyPanel/SkyPanel/v3/files/filesystem.go:189.60,200.16 8 0
github.com/SkyPanel/SkyPanel/v3/files/filesystem.go:200.16,202.3 1 0
github.com/SkyPanel/SkyPanel/v3/files/filesystem.go:203.2,206.16 3 0
github.com/SkyPanel/SkyPanel/v3/files/filesystem.go:206.16,208.3 1 0
github.com/SkyPanel/SkyPanel/v3/files/filesystem.go:209.2,212.12 3 0
github.com/SkyPanel/SkyPanel/v3/files/filesystem.go:215.67,220.18 4 0
github.com/SkyPanel/SkyPanel/v3/files/filesystem.go:220.18,222.17 2 0
github.com/SkyPanel/SkyPanel/v3/files/filesystem.go:222.17,224.4 1 0
github.com/SkyPanel/SkyPanel/v3/files/filesystem.go:225.3,225.20 1 0
github.com/SkyPanel/SkyPanel/v3/files/filesystem.go:225.20,227.4 1 0
github.com/SkyPanel/SkyPanel/v3/files/filesystem.go:229.3,229.13 1 0
github.com/SkyPanel/SkyPanel/v3/files/filesystem.go:232.2,233.16 2 0
github.com/SkyPanel/SkyPanel/v3/files/filesystem.go:233.16,235.3 1 0
github.com/SkyPanel/SkyPanel/v3/files/filesystem.go:236.2,238.16 3 0
github.com/SkyPanel/SkyPanel/v3/files/filesystem.go:238.16,240.3 1 0
github.com/SkyPanel/SkyPanel/v3/files/filesystem.go:241.2,241.19 1 0
github.com/SkyPanel/SkyPanel/v3/files/filesystem.go:241.19,243.3 1 0
github.com/SkyPanel/SkyPanel/v3/files/filesystem.go:244.2,244.12 1 0
github.com/SkyPanel/SkyPanel/v3/files/filesystem.go:247.50,253.16 5 0
github.com/SkyPanel/SkyPanel/v3/files/filesystem.go:253.16,255.3 1 0
github.com/SkyPanel/SkyPanel/v3/files/filesystem.go:256.2,259.16 3 0
github.com/SkyPanel/SkyPanel/v3/files/filesystem.go:259.16,261.3 1 0
github.com/SkyPanel/SkyPanel/v3/files/filesystem.go:262.2,264.16 3 0
github.com/SkyPanel/SkyPanel/v3/files/filesystem.go:264.16,266.3 1 0
github.com/SkyPanel/SkyPanel/v3/files/filesystem.go:268.2,268.18 1 0
github.com/SkyPanel/SkyPanel/v3/files/filesystem.go:268.18,270.3 1 0
github.com/SkyPanel/SkyPanel/v3/files/filesystem.go:272.2,272.43 1 0
github.com/SkyPanel/SkyPanel/v3/files/filesystem.go:275.53,279.16 3 0
github.com/SkyPanel/SkyPanel/v3/files/filesystem.go:279.16,281.3 1 0
github.com/SkyPanel/SkyPanel/v3/files/filesystem.go:282.2,285.16 3 0
github.com/SkyPanel/SkyPanel/v3/files/filesystem.go:285.16,287.3 1 0
github.com/SkyPanel/SkyPanel/v3/files/filesystem.go:290.2,290.26 1 0
github.com/SkyPanel/SkyPanel/v3/files/filesystem.go:290.26,291.48 1 0
github.com/SkyPanel/SkyPanel/v3/files/filesystem.go:291.48,294.18 2 0
github.com/SkyPanel/SkyPanel/v3/files/filesystem.go:294.18,296.5 1 0
github.com/SkyPanel/SkyPanel/v3/files/filesystem.go:297.9,299.18 2 0
github.com/SkyPanel/SkyPanel/v3/files/filesystem.go:299.18,301.5 1 0
github.com/SkyPanel/SkyPanel/v3/files/filesystem.go:305.2,306.12 2 0
github.com/SkyPanel/SkyPanel/v3/files/filesystem.go:309.28,311.2 1 0
github.com/SkyPanel/SkyPanel/v3/files/filesystem.go:313.35,317.32 3 0
github.com/SkyPanel/SkyPanel/v3/files/filesystem.go:317.32,319.3 1 0
github.com/SkyPanel/SkyPanel/v3/files/filesystem.go:321.2,321.13 1 0
github.com/SkyPanel/SkyPanel/v3/files/filesystem.go:324.58,326.2 1 0
github.com/SkyPanel/SkyPanel/v3/files/mergedfs.go:13.46,17.2 1 0
github.com/SkyPanel/SkyPanel/v3/files/mergedfs.go:25.55,28.36 3 0
github.com/SkyPanel/SkyPanel/v3/files/mergedfs.go:28.36,30.15 2 0
github.com/SkyPanel/SkyPanel/v3/files/mergedfs.go:30.15,32.4 1 0
github.com/SkyPanel/SkyPanel/v3/files/mergedfs.go:33.3,33.24 1 0
github.com/SkyPanel/SkyPanel/v3/files/mergedfs.go:33.24,35.4 1 0
github.com/SkyPanel/SkyPanel/v3/files/mergedfs.go:37.2,37.13 1 0
github.com/SkyPanel/SkyPanel/v3/files/mergedfs.go:40.64,43.36 2 0
github.com/SkyPanel/SkyPanel/v3/files/mergedfs.go:43.36,44.42 1 0
github.com/SkyPanel/SkyPanel/v3/files/mergedfs.go:44.42,46.41 2 0
github.com/SkyPanel/SkyPanel/v3/files/mergedfs.go:46.41,48.5 1 0
github.com/SkyPanel/SkyPanel/v3/files/mergedfs.go:50.4,50.32 1 0
github.com/SkyPanel/SkyPanel/v3/files/mergedfs.go:50.32,52.31 2 0
github.com/SkyPanel/SkyPanel/v3/files/mergedfs.go:52.31,53.30 1 0
github.com/SkyPanel/SkyPanel/v3/files/mergedfs.go:53.30,55.7 1 0
github.com/SkyPanel/SkyPanel/v3/files/mergedfs.go:57.5,57.19 1 0
github.com/SkyPanel/SkyPanel/v3/files/mergedfs.go:57.19,59.6 1 0
github.com/SkyPanel/SkyPanel/v3/files/mergedfs.go:64.2,64.21 1 0
github.com/SkyPanel/SkyPanel/v3/files/mergedfs.go:67.67,68.36 1 0
github.com/SkyPanel/SkyPanel/v3/files/mergedfs.go:68.36,69.44 1 0
github.com/SkyPanel/SkyPanel/v3/files/mergedfs.go:69.44,71.41 2 0
github.com/SkyPanel/SkyPanel/v3/files/mergedfs.go:71.41,73.5 1 0
github.com/SkyPanel/SkyPanel/v3/files/mergedfs.go:74.9,77.41 2 0
github.com/SkyPanel/SkyPanel/v3/files/mergedfs.go:77.41,79.5 1 0
github.com/SkyPanel/SkyPanel/v3/files/mergedfs.go:83.2,83.28 1 0
github.com/SkyPanel/SkyPanel/v3/files/mergedfs.go:86.51,90.39 3 0
github.com/SkyPanel/SkyPanel/v3/files/mergedfs.go:90.39,92.3 1 0
github.com/SkyPanel/SkyPanel/v3/files/mergedfs.go:95.2,97.16 3 0
github.com/SkyPanel/SkyPanel/v3/files/mergedfs.go:97.16,99.3 1 0
github.com/SkyPanel/SkyPanel/v3/files/mergedfs.go:100.2,102.18 3 0
github.com/SkyPanel/SkyPanel/v3/internal/middleware/api_key_auth.go:13.43,15.17 2 0
github.com/SkyPanel/SkyPanel/v3/internal/middleware/api_key_auth.go:15.17,17.47 2 0
github.com/SkyPanel/SkyPanel/v3/internal/middleware/api_key_auth.go:17.47,19.4 1 0
github.com/SkyPanel/SkyPanel/v3/internal/middleware/api_key_auth.go:22.2,22.53 1 0
github.com/SkyPanel/SkyPanel/v3/internal/middleware/api_key_auth.go:22.53,25.3 2 0
github.com/SkyPanel/SkyPanel/v3/internal/middleware/api_key_auth.go:27.2,28.66 2 0
github.com/SkyPanel/SkyPanel/v3/internal/middleware/api_key_auth.go:28.66,30.3 1 0
github.com/SkyPanel/SkyPanel/v3/internal/middleware/api_key_auth.go:32.2,34.16 3 0
github.com/SkyPanel/SkyPanel/v3/internal/middleware/api_key_auth.go:34.16,37.3 2 0
github.com/SkyPanel/SkyPanel/v3/internal/middleware/api_key_auth.go:40.2,41.10 2 0
github.com/SkyPanel/SkyPanel/v3/internal/middleware/auth.go:20.37,21.28 1 0
github.com/SkyPanel/SkyPanel/v3/internal/middleware/auth.go:21.28,22.47 1 0
github.com/SkyPanel/SkyPanel/v3/internal/middleware/auth.go:22.47,25.43 2 0
github.com/SkyPanel/SkyPanel/v3/internal/middleware/auth.go:25.43,26.32 1 0
github.com/SkyPanel/SkyPanel/v3/internal/middleware/auth.go:26.32,28.11 2 0
github.com/SkyPanel/SkyPanel/v3/internal/middleware/auth.go:31.4,31.13 1 0
github.com/SkyPanel/SkyPanel/v3/internal/middleware/auth.go:31.13,33.5 1 0
github.com/SkyPanel/SkyPanel/v3/internal/middleware/auth.go:37.2,38.66 2 0
github.com/SkyPanel/SkyPanel/v3/internal/middleware/auth.go:38.66,40.3 1 0
github.com/SkyPanel/SkyPanel/v3/internal/middleware/auth.go:42.2,51.22 5 0
github.com/SkyPanel/SkyPanel/v3/internal/middleware/auth.go:51.22,54.54 2 0
github.com/SkyPanel/SkyPanel/v3/internal/middleware/auth.go:54.54,58.4 3 0
github.com/SkyPanel/SkyPanel/v3/internal/middleware/auth.go:59.8,61.22 2 0
github.com/SkyPanel/SkyPanel/v3/internal/middleware/auth.go:61.22,65.4 3 0
github.com/SkyPanel/SkyPanel/v3/internal/middleware/auth.go:67.3,67.45 1 0
github.com/SkyPanel/SkyPanel/v3/internal/middleware/auth.go:67.45,71.4 3 0
github.com/SkyPanel/SkyPanel/v3/internal/middleware/auth.go:73.3,73.19 1 0
github.com/SkyPanel/SkyPanel/v3/internal/middleware/auth.go:76.2,76.66 1 0
github.com/SkyPanel/SkyPanel/v3/internal/middleware/auth.go:76.66,78.3 1 0
github.com/SkyPanel/SkyPanel/v3/internal/middleware/auth.go:81.2,83.44 2 0
github.com/SkyPanel/SkyPanel/v3/internal/middleware/auth.go:83.44,87.3 3 0
github.com/SkyPanel/SkyPanel/v3/internal/middleware/auth.go:87.8,87.73 1 0
github.com/SkyPanel/SkyPanel/v3/internal/middleware/auth.go:87.73,89.3 1 0
github.com/SkyPanel/SkyPanel/v3/internal/middleware/auth.go:91.2,91.24 1 0
github.com/SkyPanel/SkyPanel/v3/internal/middleware/auth.go:91.24,93.3 1 0
github.com/SkyPanel/SkyPanel/v3/internal/middleware/auth.go:94.2,94.26 1 0
github.com/SkyPanel/SkyPanel/v3/internal/middleware/auth.go:94.26,96.3 1 0
github.com/SkyPanel/SkyPanel/v3/internal/middleware/database.go:15.36,18.16 2 0
github.com/SkyPanel/SkyPanel/v3/internal/middleware/database.go:18.16,21.3 2 0
github.com/SkyPanel/SkyPanel/v3/internal/middleware/database.go:23.2,23.66 1 0
github.com/SkyPanel/SkyPanel/v3/internal/middleware/database.go:23.66,25.3 1 0
github.com/SkyPanel/SkyPanel/v3/internal/middleware/database.go:27.2,27.17 1 0
github.com/SkyPanel/SkyPanel/v3/internal/middleware/database.go:30.43,32.12 2 0
github.com/SkyPanel/SkyPanel/v3/internal/middleware/database.go:32.12,34.3 1 0
github.com/SkyPanel/SkyPanel/v3/internal/middleware/database.go:35.2,36.9 2 0
github.com/SkyPanel/SkyPanel/v3/internal/middleware/database.go:36.9,38.3 1 0
github.com/SkyPanel/SkyPanel/v3/internal/middleware/database.go:39.2,39.15 1 0
github.com/SkyPanel/SkyPanel/v3/internal/middleware/database.go:42.37,45.15 2 0
github.com/SkyPanel/SkyPanel/v3/internal/middleware/database.go:45.15,48.16 3 0
github.com/SkyPanel/SkyPanel/v3/internal/middleware/database.go:48.16,51.4 2 0
github.com/SkyPanel/SkyPanel/v3/internal/middleware/database.go:54.2,56.48 2 0
github.com/SkyPanel/SkyPanel/v3/internal/middleware/database.go:56.48,61.24 3 0
github.com/SkyPanel/SkyPanel/v3/internal/middleware/database.go:61.24,64.4 2 0
github.com/SkyPanel/SkyPanel/v3/internal/middleware/database.go:64.9,64.38 1 0
github.com/SkyPanel/SkyPanel/v3/internal/middleware/database.go:64.38,66.4 1 0
github.com/SkyPanel/SkyPanel/v3/internal/middleware/database.go:67.3,67.13 1 0
github.com/SkyPanel/SkyPanel/v3/internal/middleware/decrypt.go:12.34,14.66 2 0
github.com/SkyPanel/SkyPanel/v3/internal/middleware/decrypt.go:14.66,16.3 1 0
github.com/SkyPanel/SkyPanel/v3/internal/middleware/decrypt.go:18.2,21.45 3 0
github.com/SkyPanel/SkyPanel/v3/internal/middleware/decrypt.go:21.45,25.3 3 0
github.com/SkyPanel/SkyPanel/v3/internal/middleware/decrypt.go:26.2,30.57 3 0
github.com/SkyPanel/SkyPanel/v3/internal/middleware/decrypt.go:30.57,32.3 1 0
github.com/SkyPanel/SkyPanel/v3/internal/middleware/middleware.go:19.41,20.15 1 0
github.com/SkyPanel/SkyPanel/v3/internal/middleware/middleware.go:20.15,21.35 1 0
github.com/SkyPanel/SkyPanel/v3/internal/middleware/middleware.go:21.35,22.33 1 0
github.com/SkyPanel/SkyPanel/v3/internal/middleware/middleware.go:22.33,24.5 1 0
github.com/SkyPanel/SkyPanel/v3/internal/middleware/middleware.go:25.4,28.13 3 0
github.com/SkyPanel/SkyPanel/v3/internal/middleware/middleware.go:32.2,32.10 1 0
github.com/SkyPanel/SkyPanel/v3/internal/middleware/middleware.go:35.30,36.15 1 0
github.com/SkyPanel/SkyPanel/v3/internal/middleware/middleware.go:36.15,37.35 1 0
github.com/SkyPanel/SkyPanel/v3/internal/middleware/middleware.go:37.35,40.4 2 0
github.com/SkyPanel/SkyPanel/v3/internal/middleware/middleware.go:43.2,43.10 1 0
github.com/SkyPanel/SkyPanel/v3/internal/middleware/middleware.go:46.61,47.30 1 0
github.com/SkyPanel/SkyPanel/v3/internal/middleware/middleware.go:47.30,48.32 1 0
github.com/SkyPanel/SkyPanel/v3/internal/middleware/middleware.go:48.32,49.22 1 0
github.com/SkyPanel/SkyPanel/v3/internal/middleware/middleware.go:49.22,51.5 1 0
github.com/SkyPanel/SkyPanel/v3/internal/middleware/middleware.go:56.68,57.30 1 0
github.com/SkyPanel/SkyPanel/v3/internal/middleware/middleware.go:57.30,58.27 1 0
github.com/SkyPanel/SkyPanel/v3/internal/middleware/middleware.go:58.27,59.29 1 0
github.com/SkyPanel/SkyPanel/v3/internal/middleware/middleware.go:59.29,61.5 1 0
github.com/SkyPanel/SkyPanel/v3/internal/middleware/middleware.go:63.3,63.21 1 0
github.com/SkyPanel/SkyPanel/v3/internal/middleware/middleware.go:63.21,65.4 1 0
github.com/SkyPanel/SkyPanel/v3/internal/middleware/middleware.go:69.63,72.15 2 0
github.com/SkyPanel/SkyPanel/v3/internal/middleware/middleware.go:72.15,73.42 1 0
github.com/SkyPanel/SkyPanel/v3/internal/middleware/middleware.go:73.42,75.4 1 0
github.com/SkyPanel/SkyPanel/v3/internal/middleware/middleware.go:78.2,79.19 2 0
github.com/SkyPanel/SkyPanel/v3/internal/middleware/middleware.go:79.19,81.3 1 0
github.com/SkyPanel/SkyPanel/v3/internal/middleware/middleware.go:83.2,84.13 2 0
github.com/SkyPanel/SkyPanel/v3/internal/middleware/middleware.go:84.13,86.3 1 0
github.com/SkyPanel/SkyPanel/v3/internal/middleware/middleware.go:87.2,88.9 2 0
github.com/SkyPanel/SkyPanel/v3/internal/middleware/middleware.go:88.9,89.28 1 0
github.com/SkyPanel/SkyPanel/v3/internal/middleware/middleware.go:93.2,94.38 2 0
github.com/SkyPanel/SkyPanel/v3/internal/middleware/middleware.go:94.38,96.3 1 0
github.com/SkyPanel/SkyPanel/v3/internal/middleware/middleware.go:98.2,104.66 5 0
github.com/SkyPanel/SkyPanel/v3/internal/middleware/middleware.go:104.66,106.3 1 0
github.com/SkyPanel/SkyPanel/v3/internal/middleware/middleware.go:108.2,109.20 2 0
github.com/SkyPanel/SkyPanel/v3/internal/middleware/middleware.go:109.20,112.67 2 0
github.com/SkyPanel/SkyPanel/v3/internal/middleware/middleware.go:112.67,114.4 1 0
github.com/SkyPanel/SkyPanel/v3/internal/middleware/middleware.go:115.3,115.27 1 0
github.com/SkyPanel/SkyPanel/v3/internal/middleware/middleware.go:118.2,121.24 2 0
github.com/SkyPanel/SkyPanel/v3/internal/middleware/middleware.go:121.24,124.35 2 0
github.com/SkyPanel/SkyPanel/v3/internal/middleware/middleware.go:124.35,126.4 1 0
github.com/SkyPanel/SkyPanel/v3/internal/middleware/middleware.go:126.9,129.4 2 0
github.com/SkyPanel/SkyPanel/v3/internal/middleware/middleware.go:131.3,131.32 1 0
github.com/SkyPanel/SkyPanel/v3/internal/middleware/middleware.go:131.32,133.25 1 0
github.com/SkyPanel/SkyPanel/v3/internal/middleware/middleware.go:133.25,135.5 1 0
github.com/SkyPanel/SkyPanel/v3/internal/middleware/middleware.go:136.4,136.34 1 0
github.com/SkyPanel/SkyPanel/v3/internal/middleware/middleware.go:136.34,139.5 2 0
github.com/SkyPanel/SkyPanel/v3/internal/middleware/middleware.go:143.2,143.26 1 0
github.com/SkyPanel/SkyPanel/v3/internal/middleware/middleware.go:143.26,144.30 1 0
github.com/SkyPanel/SkyPanel/v3/internal/middleware/middleware.go:144.30,146.4 1 0
github.com/SkyPanel/SkyPanel/v3/internal/middleware/middleware.go:149.2,150.13 2 0
github.com/SkyPanel/SkyPanel/v3/internal/middleware/middleware.go:150.13,153.3 2 0
github.com/SkyPanel/SkyPanel/v3/internal/middleware/middleware.go:153.8,155.3 1 0
github.com/SkyPanel/SkyPanel/v3/internal/middleware/middleware.go:157.2,157.16 1 0
github.com/SkyPanel/SkyPanel/v3/internal/middleware/middleware.go:160.38,164.22 2 0
github.com/SkyPanel/SkyPanel/v3/internal/middleware/middleware.go:164.22,167.22 3 0
github.com/SkyPanel/SkyPanel/v3/internal/middleware/middleware.go:167.22,169.4 1 0
github.com/SkyPanel/SkyPanel/v3/internal/middleware/middleware.go:171.3,171.45 1 0
github.com/SkyPanel/SkyPanel/v3/internal/middleware/middleware.go:171.45,173.4 1 0
github.com/SkyPanel/SkyPanel/v3/internal/middleware/middleware.go:175.3,175.18 1 0
github.com/SkyPanel/SkyPanel/v3/internal/middleware/middleware.go:178.2,179.38 2 0
github.com/SkyPanel/SkyPanel/v3/internal/middleware/middleware.go:179.38,181.3 1 0
github.com/SkyPanel/SkyPanel/v3/internal/middleware/middleware.go:182.2,182.34 1 0
github.com/SkyPanel/SkyPanel/v3/internal/middleware/middleware.go:185.41,187.20 2 0
github.com/SkyPanel/SkyPanel/v3/internal/middleware/middleware.go:187.20,190.3 2 0
github.com/SkyPanel/SkyPanel/v3/internal/middleware/middleware.go:192.2,195.66 4 0
github.com/SkyPanel/SkyPanel/v3/internal/middleware/middleware.go:195.66,197.3 1 0
github.com/SkyPanel/SkyPanel/v3/internal/middleware/middleware.go:197.8,197.26 1 0
github.com/SkyPanel/SkyPanel/v3/internal/middleware/middleware.go:197.26,200.3 2 0
github.com/SkyPanel/SkyPanel/v3/internal/middleware/middleware.go:201.2,201.25 1 0
github.com/SkyPanel/SkyPanel/v3/internal/middleware/middleware.go:204.40,206.20 2 0
github.com/SkyPanel/SkyPanel/v3/internal/middleware/middleware.go:206.20,209.3 2 0
github.com/SkyPanel/SkyPanel/v3/internal/middleware/middleware.go:211.2,212.19 2 0
github.com/SkyPanel/SkyPanel/v3/internal/middleware/middleware.go:212.19,215.3 2 0
github.com/SkyPanel/SkyPanel/v3/internal/middleware/middleware.go:216.2,216.26 1 0
github.com/SkyPanel/SkyPanel/v3/internal/middleware/version.go:8.39,10.2 1 0
github.com/SkyPanel/SkyPanel/v3/internal/email/debug.go:11.13,13.2 1 0
github.com/SkyPanel/SkyPanel/v3/internal/email/debug.go:15.59,18.2 2 0
github.com/SkyPanel/SkyPanel/v3/internal/email/mailgun.go:14.13,16.2 1 0
github.com/SkyPanel/SkyPanel/v3/internal/email/mailgun.go:18.61,20.18 2 0
github.com/SkyPanel/SkyPanel/v3/internal/email/mailgun.go:20.18,22.3 1 0
github.com/SkyPanel/SkyPanel/v3/internal/email/mailgun.go:24.2,25.16 2 0
github.com/SkyPanel/SkyPanel/v3/internal/email/mailgun.go:25.16,27.3 1 0
github.com/SkyPanel/SkyPanel/v3/internal/email/mailgun.go:29.2,30.15 2 0
github.com/SkyPanel/SkyPanel/v3/internal/email/mailgun.go:30.15,32.3 1 0
github.com/SkyPanel/SkyPanel/v3/internal/email/mailgun.go:34.2,38.12 4 0
github.com/SkyPanel/SkyPanel/v3/internal/email/mailjet.go:13.13,15.2 1 0
github.com/SkyPanel/SkyPanel/v3/internal/email/mailjet.go:17.61,19.18 2 0
github.com/SkyPanel/SkyPanel/v3/internal/email/mailjet.go:19.18,21.3 1 0
github.com/SkyPanel/SkyPanel/v3/internal/email/mailjet.go:23.2,24.16 2 0
github.com/SkyPanel/SkyPanel/v3/internal/email/mailjet.go:24.16,26.3 1 0
github.com/SkyPanel/SkyPanel/v3/internal/email/mailjet.go:28.2,29.15 2 0
github.com/SkyPanel/SkyPanel/v3/internal/email/mailjet.go:29.15,31.3 1 0
github.com/SkyPanel/SkyPanel/v3/internal/email/mailjet.go:33.2,52.12 5 0
github.com/SkyPanel/SkyPanel/v3/internal/email/provider.go:11.44,13.2 1 0
github.com/SkyPanel/SkyPanel/v3/internal/email/sendgrid.go:14.13,16.2 1 0
github.com/SkyPanel/SkyPanel/v3/internal/email/sendgrid.go:18.62,20.16 2 0
github.com/SkyPanel/SkyPanel/v3/internal/email/sendgrid.go:20.16,22.3 1 0
github.com/SkyPanel/SkyPanel/v3/internal/email/sendgrid.go:24.2,25.15 2 0
github.com/SkyPanel/SkyPanel/v3/internal/email/sendgrid.go:25.15,27.3 1 0
github.com/SkyPanel/SkyPanel/v3/internal/email/sendgrid.go:29.2,35.12 6 0
github.com/SkyPanel/SkyPanel/v3/internal/email/smtp.go:16.13,18.2 1 0
github.com/SkyPanel/SkyPanel/v3/internal/email/smtp.go:20.58,22.16 2 0
github.com/SkyPanel/SkyPanel/v3/internal/email/smtp.go:22.16,24.3 1 0
github.com/SkyPanel/SkyPanel/v3/internal/email/smtp.go:26.2,27.16 2 0
github.com/SkyPanel/SkyPanel/v3/internal/email/smtp.go:27.16,29.3 1 0
github.com/SkyPanel/SkyPanel/v3/internal/email/smtp.go:31.2,37.16 2 0
github.com/SkyPanel/SkyPanel/v3/internal/email/smtp.go:37.16,39.3 1 0
github.com/SkyPanel/SkyPanel/v3/internal/email/smtp.go:40.2,45.38 5 0
github.com/SkyPanel/SkyPanel/v3/internal/email/smtp.go:45.38,47.3 1 0
github.com/SkyPanel/SkyPanel/v3/internal/email/smtp.go:48.2,48.34 1 0
github.com/SkyPanel/SkyPanel/v3/internal/email/smtp.go:48.34,50.3 1 0
github.com/SkyPanel/SkyPanel/v3/internal/email/smtp.go:52.2,56.32 4 0
github.com/SkyPanel/SkyPanel/v3/docs/docs.go:6529.13,6531.2 1 0
github.com/SkyPanel/SkyPanel/v3/internal/database/loader.go:25.35,31.19 3 0
github.com/SkyPanel/SkyPanel/v3/internal/database/loader.go:31.19,33.3 1 0
github.com/SkyPanel/SkyPanel/v3/internal/database/loader.go:35.2,39.17 4 0
github.com/SkyPanel/SkyPanel/v3/internal/database/loader.go:40.17,41.38 1 0
github.com/SkyPanel/SkyPanel/v3/internal/database/loader.go:42.15,43.37 1 0
github.com/SkyPanel/SkyPanel/v3/internal/database/loader.go:44.20,45.40 1 0
github.com/SkyPanel/SkyPanel/v3/internal/database/loader.go:46.19,47.41 1 0
github.com/SkyPanel/SkyPanel/v3/internal/database/loader.go:48.10,49.51 1 0
github.com/SkyPanel/SkyPanel/v3/internal/database/loader.go:52.2,60.43 3 0
github.com/SkyPanel/SkyPanel/v3/internal/database/loader.go:60.43,63.3 2 0
github.com/SkyPanel/SkyPanel/v3/internal/database/loader.go:66.2,70.16 3 0
github.com/SkyPanel/SkyPanel/v3/internal/database/loader.go:70.16,74.3 3 0
github.com/SkyPanel/SkyPanel/v3/internal/database/loader.go:76.2,76.26 1 0
github.com/SkyPanel/SkyPanel/v3/internal/database/loader.go:76.26,78.15 2 0
github.com/SkyPanel/SkyPanel/v3/internal/database/loader.go:78.15,80.4 1 0
github.com/SkyPanel/SkyPanel/v3/internal/database/loader.go:81.3,81.23 1 0
github.com/SkyPanel/SkyPanel/v3/internal/database/loader.go:84.2,84.12 1 0
github.com/SkyPanel/SkyPanel/v3/internal/database/loader.go:87.40,89.19 2 0
github.com/SkyPanel/SkyPanel/v3/internal/database/loader.go:89.19,91.3 1 0
github.com/SkyPanel/SkyPanel/v3/internal/database/loader.go:93.2,93.20 1 0
github.com/SkyPanel/SkyPanel/v3/internal/database/loader.go:96.14,97.19 1 0
github.com/SkyPanel/SkyPanel/v3/internal/database/loader.go:97.19,100.3 2 0
github.com/SkyPanel/SkyPanel/v3/internal/database/loader.go:103.26,105.19 2 0
github.com/SkyPanel/SkyPanel/v3/internal/database/loader.go:105.19,107.3 1 0
github.com/SkyPanel/SkyPanel/v3/internal/database/loader.go:108.2,108.16 1 0
github.com/SkyPanel/SkyPanel/v3/internal/database/loader.go:111.35,115.22 3 0
github.com/SkyPanel/SkyPanel/v3/internal/database/loader.go:115.22,116.18 1 0
github.com/SkyPanel/SkyPanel/v3/internal/database/loader.go:117.16,118.46 1 0
github.com/SkyPanel/SkyPanel/v3/internal/database/loader.go:119.18,120.35 1 0
github.com/SkyPanel/SkyPanel/v3/internal/database/loader.go:124.2,124.24 1 0
github.com/SkyPanel/SkyPanel/v3/internal/database/loader.go:124.24,127.3 2 0
github.com/SkyPanel/SkyPanel/v3/internal/database/loader.go:127.8,127.33 1 0
github.com/SkyPanel/SkyPanel/v3/internal/database/loader.go:127.33,134.3 6 0
github.com/SkyPanel/SkyPanel/v3/internal/database/loader.go:135.2,135.19 1 0
github.com/SkyPanel/SkyPanel/v3/internal/database/loader.go:138.62,139.43 1 0
github.com/SkyPanel/SkyPanel/v3/internal/database/loader.go:139.43,141.3 1 0
github.com/SkyPanel/SkyPanel/v3/internal/database/loader.go:143.2,143.39 1 0
github.com/SkyPanel/SkyPanel/v3/internal/database/loader.go:143.39,145.3 1 0
github.com/SkyPanel/SkyPanel/v3/internal/database/loader.go:145.8,147.3 1 0
github.com/SkyPanel/SkyPanel/v3/internal/database/loader.go:148.2,150.19 2 0
github.com/SkyPanel/SkyPanel/v3/internal/database/upgrade.go:43.55,48.17 4 0
github.com/SkyPanel/SkyPanel/v3/internal/database/upgrade.go:48.17,50.32 2 0
github.com/SkyPanel/SkyPanel/v3/internal/database/upgrade.go:50.32,52.4 1 0
github.com/SkyPanel/SkyPanel/v3/internal/database/upgrade.go:54.3,56.16 2 0
github.com/SkyPanel/SkyPanel/v3/internal/database/upgrade.go:56.16,58.4 1 0
github.com/SkyPanel/SkyPanel/v3/internal/database/upgrade.go:61.2,63.31 2 0
github.com/SkyPanel/SkyPanel/v3/internal/database/upgrade.go:63.31,64.23 1 0
github.com/SkyPanel/SkyPanel/v3/internal/database/upgrade.go:64.23,65.22 1 0
github.com/SkyPanel/SkyPanel/v3/internal/database/upgrade.go:65.22,67.5 1 0
github.com/SkyPanel/SkyPanel/v3/internal/database/upgrade.go:69.4,71.97 2 0
github.com/SkyPanel/SkyPanel/v3/internal/database/upgrade.go:71.97,73.5 1 0
github.com/SkyPanel/SkyPanel/v3/internal/database/upgrade.go:74.4,74.22 1 0
github.com/SkyPanel/SkyPanel/v3/internal/database/upgrade.go:74.22,76.43 2 0
github.com/SkyPanel/SkyPanel/v3/internal/database/upgrade.go:76.43,78.6 1 0
github.com/SkyPanel/SkyPanel/v3/internal/database/upgrade.go:79.5,79.28 1 0
github.com/SkyPanel/SkyPanel/v3/internal/database/upgrade.go:85.3,85.13 1 0
github.com/SkyPanel/SkyPanel/v3/internal/database/upgrade.go:85.13,86.22 1 0
github.com/SkyPanel/SkyPanel/v3/internal/database/upgrade.go:86.22,88.5 1 0
github.com/SkyPanel/SkyPanel/v3/internal/database/upgrade.go:89.4,89.61 1 0
github.com/SkyPanel/SkyPanel/v3/internal/database/upgrade.go:89.61,91.5 1 0
github.com/SkyPanel/SkyPanel/v3/internal/database/upgrade.go:92.4,92.22 1 0
github.com/SkyPanel/SkyPanel/v3/internal/database/upgrade.go:92.22,95.5 2 0
github.com/SkyPanel/SkyPanel/v3/internal/database/upgrade.go:99.2,99.20 1 0
github.com/SkyPanel/SkyPanel/v3/internal/database/upgrade.go:99.20,102.3 2 0
github.com/SkyPanel/SkyPanel/v3/internal/database/upgrade.go:104.2,105.12 2 0
github.com/SkyPanel/SkyPanel/v3/internal/database/upgrade.go:108.53,111.16 2 0
github.com/SkyPanel/SkyPanel/v3/internal/database/upgrade.go:111.16,113.3 1 0
github.com/SkyPanel/SkyPanel/v3/internal/database/upgrade.go:114.2,115.16 2 0
github.com/SkyPanel/SkyPanel/v3/internal/database/upgrade.go:115.16,117.3 1 0
github.com/SkyPanel/SkyPanel/v3/internal/database/upgrade.go:118.2,120.12 3 0
github.com/SkyPanel/SkyPanel/v3/internal/database/upgrade.go:127.37,128.50 1 0
github.com/SkyPanel/SkyPanel/v3/internal/database/upgrade.go:128.50,130.6 1 0
github.com/SkyPanel/SkyPanel/v3/internal/database/upgrade.go:133.5,139.19 4 0
github.com/SkyPanel/SkyPanel/v3/internal/database/upgrade.go:139.19,141.6 1 0
github.com/SkyPanel/SkyPanel/v3/internal/database/upgrade.go:143.5,143.31 1 0
github.com/SkyPanel/SkyPanel/v3/internal/database/upgrade.go:143.31,144.99 1 0
github.com/SkyPanel/SkyPanel/v3/internal/database/upgrade.go:144.99,146.7 1 0
github.com/SkyPanel/SkyPanel/v3/internal/database/upgrade.go:148.5,148.15 1 0
github.com/SkyPanel/SkyPanel/v3/internal/database/upgrade.go:153.37,154.33 1 0
github.com/SkyPanel/SkyPanel/v3/internal/database/upgrade.go:154.33,157.20 3 0
github.com/SkyPanel/SkyPanel/v3/internal/database/upgrade.go:157.20,159.7 1 0
github.com/SkyPanel/SkyPanel/v3/internal/database/upgrade.go:161.6,161.32 1 0
github.com/SkyPanel/SkyPanel/v3/internal/database/upgrade.go:161.32,162.53 1 0
github.com/SkyPanel/SkyPanel/v3/internal/database/upgrade.go:162.53,163.16 1 0
github.com/SkyPanel/SkyPanel/v3/internal/database/upgrade.go:166.7,166.53 1 0
github.com/SkyPanel/SkyPanel/v3/internal/database/upgrade.go:166.53,168.8 1 0
github.com/SkyPanel/SkyPanel/v3/internal/database/upgrade.go:172.5,172.15 1 0
github.com/SkyPanel/SkyPanel/v3/internal/database/upgrade.go:177.37,193.50 3 0
github.com/SkyPanel/SkyPanel/v3/internal/database/upgrade.go:193.50,208.29 4 0
github.com/SkyPanel/SkyPanel/v3/internal/database/upgrade.go:208.29,211.7 2 0
github.com/SkyPanel/SkyPanel/v3/internal/database/upgrade.go:214.6,214.32 1 0
github.com/SkyPanel/SkyPanel/v3/internal/database/upgrade.go:214.32,223.37 3 0
github.com/SkyPanel/SkyPanel/v3/internal/database/upgrade.go:223.37,225.8 1 0
github.com/SkyPanel/SkyPanel/v3/internal/database/upgrade.go:231.5,231.15 1 0
github.com/SkyPanel/SkyPanel/v3/internal/database/upgrade.go:238.36,247.5 1 0
github.com/SkyPanel/SkyPanel/v3/internal/database/upgrade.go:251.37,254.19 3 0
github.com/SkyPanel/SkyPanel/v3/internal/database/upgrade.go:254.19,256.6 1 0
github.com/SkyPanel/SkyPanel/v3/internal/database/upgrade.go:258.5,258.33 1 0
github.com/SkyPanel/SkyPanel/v3/internal/database/upgrade.go:258.33,261.20 3 0
github.com/SkyPanel/SkyPanel/v3/internal/database/upgrade.go:261.20,264.21 3 0
github.com/SkyPanel/SkyPanel/v3/internal/database/upgrade.go:264.21,266.8 1 0
github.com/SkyPanel/SkyPanel/v3/internal/database/upgrade.go:268.7,269.21 2 0
github.com/SkyPanel/SkyPanel/v3/internal/database/upgrade.go:269.21,271.8 1 0
github.com/SkyPanel/SkyPanel/v3/internal/database/upgrade.go:273.6,273.59 1 0
github.com/SkyPanel/SkyPanel/v3/internal/database/upgrade.go:273.59,277.21 4 0
github.com/SkyPanel/SkyPanel/v3/internal/database/upgrade.go:277.21,279.8 1 0
github.com/SkyPanel/SkyPanel/v3/internal/database/upgrade.go:283.5,283.15 1 0
github.com/SkyPanel/SkyPanel/v3/internal/database/upgrade.go:288.37,292.19 2 0
github.com/SkyPanel/SkyPanel/v3/internal/database/upgrade.go:292.19,294.6 1 0
github.com/SkyPanel/SkyPanel/v3/internal/database/upgrade.go:296.5,296.65 1 0
github.com/SkyPanel/SkyPanel/v3/internal/database/upgrade.go:296.65,299.6 2 0
github.com/SkyPanel/SkyPanel/v3/internal/database/upgrade.go:301.5,344.19 4 0
github.com/SkyPanel/SkyPanel/v3/internal/database/upgrade.go:344.19,346.6 1 0
github.com/SkyPanel/SkyPanel/v3/internal/database/upgrade.go:348.5,348.32 1 0
github.com/SkyPanel/SkyPanel/v3/internal/database/upgrade.go:348.32,362.17 2 0
github.com/SkyPanel/SkyPanel/v3/internal/database/upgrade.go:362.17,364.7 1 0
github.com/SkyPanel/SkyPanel/v3/internal/database/upgrade.go:366.6,366.24 1 0
github.com/SkyPanel/SkyPanel/v3/internal/database/upgrade.go:366.24,368.7 1 0
github.com/SkyPanel/SkyPanel/v3/internal/database/upgrade.go:370.6,370.21 1 0
github.com/SkyPanel/SkyPanel/v3/internal/database/upgrade.go:370.21,372.7 1 0
github.com/SkyPanel/SkyPanel/v3/internal/database/upgrade.go:373.6,373.21 1 0
github.com/SkyPanel/SkyPanel/v3/internal/database/upgrade.go:373.21,377.7 3 0
github.com/SkyPanel/SkyPanel/v3/internal/database/upgrade.go:378.6,378.23 1 0
github.com/SkyPanel/SkyPanel/v3/internal/database/upgrade.go:378.23,380.7 1 0
github.com/SkyPanel/SkyPanel/v3/internal/database/upgrade.go:382.6,382.25 1 0
github.com/SkyPanel/SkyPanel/v3/internal/database/upgrade.go:382.25,384.7 1 0
github.com/SkyPanel/SkyPanel/v3/internal/database/upgrade.go:385.6,385.25 1 0
github.com/SkyPanel/SkyPanel/v3/internal/database/upgrade.go:385.25,389.7 3 0
github.com/SkyPanel/SkyPanel/v3/internal/database/upgrade.go:391.6,391.21 1 0
github.com/SkyPanel/SkyPanel/v3/internal/database/upgrade.go:391.21,394.7 2 0
github.com/SkyPanel/SkyPanel/v3/internal/database/upgrade.go:395.6,395.21 1 0
github.com/SkyPanel/SkyPanel/v3/internal/database/upgrade.go:395.21,399.7 3 0
github.com/SkyPanel/SkyPanel/v3/internal/database/upgrade.go:401.6,401.25 1 0
github.com/SkyPanel/SkyPanel/v3/internal/database/upgrade.go:401.25,403.7 1 0
github.com/SkyPanel/SkyPanel/v3/internal/database/upgrade.go:405.6,405.64 1 0
github.com/SkyPanel/SkyPanel/v3/internal/database/upgrade.go:405.64,412.27 6 0
github.com/SkyPanel/SkyPanel/v3/internal/database/upgrade.go:412.27,414.8 1 0
github.com/SkyPanel/SkyPanel/v3/internal/database/upgrade.go:415.7,415.28 1 0
github.com/SkyPanel/SkyPanel/v3/internal/database/upgrade.go:415.28,420.8 4 0
github.com/SkyPanel/SkyPanel/v3/internal/database/upgrade.go:422.7,422.26 1 0
github.com/SkyPanel/SkyPanel/v3/internal/database/upgrade.go:422.26,424.8 1 0
github.com/SkyPanel/SkyPanel/v3/internal/database/upgrade.go:425.7,425.30 1 0
github.com/SkyPanel/SkyPanel/v3/internal/database/upgrade.go:425.30,427.8 1 0
github.com/SkyPanel/SkyPanel/v3/internal/database/upgrade.go:428.7,428.30 1 0
github.com/SkyPanel/SkyPanel/v3/internal/database/upgrade.go:428.30,430.8 1 0
github.com/SkyPanel/SkyPanel/v3/internal/database/upgrade.go:432.7,432.24 1 0
github.com/SkyPanel/SkyPanel/v3/internal/database/upgrade.go:432.24,434.8 1 0
github.com/SkyPanel/SkyPanel/v3/internal/database/upgrade.go:435.7,435.23 1 0
github.com/SkyPanel/SkyPanel/v3/internal/database/upgrade.go:435.23,438.8 2 0
github.com/SkyPanel/SkyPanel/v3/internal/database/upgrade.go:440.7,440.28 1 0
github.com/SkyPanel/SkyPanel/v3/internal/database/upgrade.go:440.28,442.8 1 0
github.com/SkyPanel/SkyPanel/v3/internal/database/upgrade.go:444.7,444.23 1 0
github.com/SkyPanel/SkyPanel/v3/internal/database/upgrade.go:444.23,446.8 1 0
github.com/SkyPanel/SkyPanel/v3/internal/database/upgrade.go:447.7,447.28 1 0
github.com/SkyPanel/SkyPanel/v3/internal/database/upgrade.go:447.28,449.8 1 0
github.com/SkyPanel/SkyPanel/v3/internal/database/upgrade.go:450.7,450.27 1 0
github.com/SkyPanel/SkyPanel/v3/internal/database/upgrade.go:450.27,452.8 1 0
github.com/SkyPanel/SkyPanel/v3/internal/database/upgrade.go:455.6,456.20 2 0
github.com/SkyPanel/SkyPanel/v3/internal/database/upgrade.go:456.20,458.7 1 0
github.com/SkyPanel/SkyPanel/v3/internal/database/upgrade.go:462.5,468.7 2 0
github.com/SkyPanel/SkyPanel/v3/internal/database/upgrade.go:468.7,470.20 2 0
github.com/SkyPanel/SkyPanel/v3/internal/database/upgrade.go:470.20,472.7 1 0
github.com/SkyPanel/SkyPanel/v3/internal/database/upgrade.go:475.5,475.15 1 0
github.com/SkyPanel/SkyPanel/v3/internal/database/upgrade.go:482.37,493.28 4 0
github.com/SkyPanel/SkyPanel/v3/internal/database/upgrade.go:493.28,495.6 1 0
github.com/SkyPanel/SkyPanel/v3/internal/database/upgrade.go:498.5,538.24 4 0
github.com/SkyPanel/SkyPanel/v3/internal/database/upgrade.go:543.37,547.19 3 0
github.com/SkyPanel/SkyPanel/v3/internal/database/upgrade.go:547.19,549.6 1 0
github.com/SkyPanel/SkyPanel/v3/internal/database/upgrade.go:551.5,553.71 3 0
github.com/SkyPanel/SkyPanel/v3/internal/database/upgrade.go:553.71,555.33 2 0
github.com/SkyPanel/SkyPanel/v3/internal/database/upgrade.go:555.33,556.42 1 0
github.com/SkyPanel/SkyPanel/v3/internal/database/upgrade.go:556.42,558.13 2 0
github.com/SkyPanel/SkyPanel/v3/internal/database/upgrade.go:561.6,561.16 1 0
github.com/SkyPanel/SkyPanel/v3/internal/database/upgrade.go:561.16,564.7 2 0
github.com/SkyPanel/SkyPanel/v3/internal/database/upgrade.go:567.5,567.20 1 0
github.com/SkyPanel/SkyPanel/v3/internal/database/upgrade.go:567.20,569.83 2 0
github.com/SkyPanel/SkyPanel/v3/internal/database/upgrade.go:569.83,571.7 1 0
github.com/SkyPanel/SkyPanel/v3/internal/database/upgrade.go:576.5,579.12 1 0
github.com/SkyPanel/SkyPanel/v3/internal/database/upgrade.go:584.37,588.78 2 0
github.com/SkyPanel/SkyPanel/v3/internal/database/upgrade.go:588.78,590.6 1 0
github.com/SkyPanel/SkyPanel/v3/internal/database/upgrade.go:591.5,594.12 1 0
github.com/SkyPanel/SkyPanel/v3/internal/database/upgrade.go:599.37,602.78 2 0
github.com/SkyPanel/SkyPanel/v3/internal/database/upgrade.go:602.78,604.6 1 0
github.com/SkyPanel/SkyPanel/v3/internal/database/upgrade.go:605.5,606.32 2 0
github.com/SkyPanel/SkyPanel/v3/internal/database/upgrade.go:606.32,607.49 1 0
github.com/SkyPanel/SkyPanel/v3/internal/database/upgrade.go:607.49,609.7 1 0
github.com/SkyPanel/SkyPanel/v3/internal/database/upgrade.go:611.5,612.66 2 0
github.com/SkyPanel/SkyPanel/v3/internal/groups/groups.go:8.38,13.16 3 0
github.com/SkyPanel/SkyPanel/v3/internal/groups/groups.go:13.16,16.3 2 0
github.com/SkyPanel/SkyPanel/v3/internal/groups/groups.go:18.2,19.27 2 0
github.com/SkyPanel/SkyPanel/v3/internal/groups/groups.go:19.27,21.17 2 0
github.com/SkyPanel/SkyPanel/v3/internal/groups/groups.go:21.17,23.4 1 0
github.com/SkyPanel/SkyPanel/v3/internal/groups/groups.go:23.9,25.4 1 0
github.com/SkyPanel/SkyPanel/v3/internal/groups/groups.go:28.2,29.16 2 0
github.com/SkyPanel/SkyPanel/v3/internal/groups/groups.go:29.16,32.3 2 0
github.com/SkyPanel/SkyPanel/v3/internal/groups/groups.go:34.2,34.22 1 0
github.com/SkyPanel/SkyPanel/v3/internal/groups/groups.go:34.22,35.32 1 0
github.com/SkyPanel/SkyPanel/v3/internal/groups/groups.go:35.32,36.14 1 0
github.com/SkyPanel/SkyPanel/v3/internal/groups/groups.go:36.14,38.5 1 0
github.com/SkyPanel/SkyPanel/v3/internal/groups/groups.go:42.2,42.14 1 0
github.com/SkyPanel/SkyPanel/v3/internal/config/config.go:11.13,15.2 3 0
github.com/SkyPanel/SkyPanel/v3/internal/config/config.go:17.46,18.22 1 0
github.com/SkyPanel/SkyPanel/v3/internal/config/config.go:18.22,21.34 3 0
github.com/SkyPanel/SkyPanel/v3/internal/config/config.go:21.34,23.67 1 0
github.com/SkyPanel/SkyPanel/v3/internal/config/config.go:23.67,25.5 1 0
github.com/SkyPanel/SkyPanel/v3/internal/config/config.go:27.4,27.24 1 0
github.com/SkyPanel/SkyPanel/v3/internal/config/config.go:27.24,29.5 1 0
github.com/SkyPanel/SkyPanel/v3/internal/config/config.go:33.2,35.45 2 0
github.com/SkyPanel/SkyPanel/v3/internal/config/config.go:35.45,36.48 1 0
github.com/SkyPanel/SkyPanel/v3/internal/config/config.go:36.48,38.4 1 0
github.com/SkyPanel/SkyPanel/v3/internal/config/config.go:41.2,41.34 1 0
github.com/SkyPanel/SkyPanel/v3/internal/config/config.go:41.34,45.17 3 0
github.com/SkyPanel/SkyPanel/v3/internal/config/config.go:45.17,47.4 1 0
github.com/SkyPanel/SkyPanel/v3/internal/config/config.go:50.2,50.12 1 0
github.com/SkyPanel/SkyPanel/v3/internal/config/entries.go:110.38,112.2 1 0
github.com/SkyPanel/SkyPanel/v3/internal/config/entries.go:114.37,116.23 2 0
github.com/SkyPanel/SkyPanel/v3/internal/config/entries.go:116.23,118.3 1 0
github.com/SkyPanel/SkyPanel/v3/internal/config/entries.go:120.2,120.49 1 0
github.com/SkyPanel/SkyPanel/v3/internal/config/entries.go:123.34,125.2 1 0
github.com/SkyPanel/SkyPanel/v3/internal/config/entries.go:126.32,128.2 1 0
github.com/SkyPanel/SkyPanel/v3/internal/config/entries.go:129.45,131.2 1 0
github.com/SkyPanel/SkyPanel/v3/internal/config/entries.go:133.33,135.2 1 0
github.com/SkyPanel/SkyPanel/v3/internal/config/entries.go:137.50,140.10 2 0
github.com/SkyPanel/SkyPanel/v3/internal/config/entries.go:140.10,142.3 1 0
github.com/SkyPanel/SkyPanel/v3/internal/config/entries.go:143.2,143.12 1 0
github.com/SkyPanel/SkyPanel/v3/internal/config/entries.go:146.54,148.2 1 0
github.com/SkyPanel/SkyPanel/v3/internal/config/entries.go:149.51,151.2 1 0
github.com/SkyPanel/SkyPanel/v3/internal/config/entries.go:152.45,154.2 1 0
github.com/SkyPanel/SkyPanel/v3/internal/config/entries.go:155.42,157.2 1 0
github.com/SkyPanel/SkyPanel/v3/internal/config/entries.go:158.63,160.2 1 0
github.com/SkyPanel/SkyPanel/v3/internal/config/entries.go:162.50,169.2 2 0
github.com/SkyPanel/SkyPanel/v3/internal/config/entries.go:171.38,173.16 2 0
github.com/SkyPanel/SkyPanel/v3/internal/config/entries.go:173.16,175.3 1 0
github.com/SkyPanel/SkyPanel/v3/internal/config/entries.go:177.2,177.12 1 0
github.com/SkyPanel/SkyPanel/v3/cmd/panel/db.go:10.13,12.2 1 0
github.com/SkyPanel/SkyPanel/v3/cmd/panel/dbupgrade.go:24.53,28.34 3 0
github.com/SkyPanel/SkyPanel/v3/cmd/panel/dbupgrade.go:28.34,31.3 2 0
github.com/SkyPanel/SkyPanel/v3/cmd/panel/dbupgrade.go:33.2,33.40 1 0
github.com/SkyPanel/SkyPanel/v3/cmd/panel/dbupgrade.go:33.40,37.56 3 0
github.com/SkyPanel/SkyPanel/v3/cmd/panel/dbupgrade.go:37.56,39.4 1 0
github.com/SkyPanel/SkyPanel/v3/cmd/panel/dbupgrade.go:40.3,41.24 2 0
github.com/SkyPanel/SkyPanel/v3/cmd/panel/dbupgrade.go:41.24,43.4 1 0
github.com/SkyPanel/SkyPanel/v3/cmd/panel/dbupgrade.go:44.3,45.17 2 0
github.com/SkyPanel/SkyPanel/v3/cmd/panel/dbupgrade.go:45.17,47.4 1 0
github.com/SkyPanel/SkyPanel/v3/cmd/panel/dbupgrade.go:50.3,52.7 3 0
github.com/SkyPanel/SkyPanel/v3/cmd/panel/dbupgrade.go:52.7,55.39 3 0
github.com/SkyPanel/SkyPanel/v3/cmd/panel/dbupgrade.go:55.39,56.10 1 0
github.com/SkyPanel/SkyPanel/v3/cmd/panel/dbupgrade.go:58.4,58.9 1 0
github.com/SkyPanel/SkyPanel/v3/cmd/panel/dbupgrade.go:61.3,62.17 2 0
github.com/SkyPanel/SkyPanel/v3/cmd/panel/dbupgrade.go:62.17,66.4 3 0
github.com/SkyPanel/SkyPanel/v3/cmd/panel/dbupgrade.go:69.2,70.16 2 0
github.com/SkyPanel/SkyPanel/v3/cmd/panel/dbupgrade.go:70.16,75.3 4 0
github.com/SkyPanel/SkyPanel/v3/cmd/panel/dbupgrade.go:77.2,79.16 3 0
github.com/SkyPanel/SkyPanel/v3/cmd/panel/dbupgrade.go:79.16,84.3 4 0
github.com/SkyPanel/SkyPanel/v3/cmd/panel/dbupgrade.go:87.42,88.38 1 0
github.com/SkyPanel/SkyPanel/v3/cmd/panel/dbupgrade.go:88.38,90.3 1 0
github.com/SkyPanel/SkyPanel/v3/cmd/panel/dbupgrade.go:91.2,92.16 2 0
github.com/SkyPanel/SkyPanel/v3/cmd/panel/dbupgrade.go:92.16,95.3 2 0
github.com/SkyPanel/SkyPanel/v3/cmd/panel/dbupgrade.go:98.47,100.16 2 0
github.com/SkyPanel/SkyPanel/v3/cmd/panel/dbupgrade.go:100.16,102.3 1 0
github.com/SkyPanel/SkyPanel/v3/cmd/panel/dbupgrade.go:103.2,106.16 3 0
github.com/SkyPanel/SkyPanel/v3/cmd/panel/dbupgrade.go:106.16,108.3 1 0
github.com/SkyPanel/SkyPanel/v3/cmd/panel/dbupgrade.go:109.2,110.16 2 0
github.com/SkyPanel/SkyPanel/v3/cmd/panel/dbupgrade.go:110.16,112.3 1 0
github.com/SkyPanel/SkyPanel/v3/cmd/panel/dbupgrade.go:113.2,115.12 3 0
github.com/SkyPanel/SkyPanel/v3/cmd/panel/main.go:13.13,21.15 2 0
github.com/SkyPanel/SkyPanel/v3/cmd/panel/main.go:21.15,22.35 1 0
github.com/SkyPanel/SkyPanel/v3/cmd/panel/main.go:22.35,27.4 3 0
github.com/SkyPanel/SkyPanel/v3/cmd/panel/main.go:30.2,30.11 1 0
github.com/SkyPanel/SkyPanel/v3/cmd/panel/main.go:44.13,57.2 4 0
github.com/SkyPanel/SkyPanel/v3/cmd/panel/main.go:59.19,60.19 1 0
github.com/SkyPanel/SkyPanel/v3/cmd/panel/main.go:60.19,62.17 2 0
github.com/SkyPanel/SkyPanel/v3/cmd/panel/main.go:62.17,63.14 1 0
github.com/SkyPanel/SkyPanel/v3/cmd/panel/main.go:68.19,70.16 2 0
github.com/SkyPanel/SkyPanel/v3/cmd/panel/main.go:70.16,72.3 1 0
github.com/SkyPanel/SkyPanel/v3/cmd/panel/main.go:75.16,78.42 2 0
github.com/SkyPanel/SkyPanel/v3/cmd/panel/main.go:78.42,80.3 1 0
github.com/SkyPanel/SkyPanel/v3/cmd/panel/run.go:43.47,47.2 3 0
github.com/SkyPanel/SkyPanel/v3/cmd/panel/run.go:49.56,55.12 4 0
github.com/SkyPanel/SkyPanel/v3/cmd/panel/run.go:55.12,64.3 5 0
github.com/SkyPanel/SkyPanel/v3/cmd/panel/run.go:66.2,72.70 5 0
github.com/SkyPanel/SkyPanel/v3/cmd/panel/run.go:72.70,74.17 2 0
github.com/SkyPanel/SkyPanel/v3/cmd/panel/run.go:74.17,76.4 1 0
github.com/SkyPanel/SkyPanel/v3/cmd/panel/run.go:78.2,78.71 1 0
github.com/SkyPanel/SkyPanel/v3/cmd/panel/run.go:78.71,80.3 1 0
github.com/SkyPanel/SkyPanel/v3/cmd/panel/run.go:82.2,86.33 4 0
github.com/SkyPanel/SkyPanel/v3/cmd/panel/run.go:86.33,90.17 3 0
github.com/SkyPanel/SkyPanel/v3/cmd/panel/run.go:90.17,94.4 3 0
github.com/SkyPanel/SkyPanel/v3/cmd/panel/run.go:96.3,97.17 2 0
github.com/SkyPanel/SkyPanel/v3/cmd/panel/run.go:97.17,101.4 3 0
github.com/SkyPanel/SkyPanel/v3/cmd/panel/run.go:103.3,103.38 1 0
github.com/SkyPanel/SkyPanel/v3/cmd/panel/run.go:103.38,105.77 2 0
github.com/SkyPanel/SkyPanel/v3/cmd/panel/run.go:105.77,109.5 3 0
github.com/SkyPanel/SkyPanel/v3/cmd/panel/run.go:112.3,113.17 2 0
github.com/SkyPanel/SkyPanel/v3/cmd/panel/run.go:113.17,117.4 3 0
github.com/SkyPanel/SkyPanel/v3/cmd/panel/run.go:119.3,122.19 3 0
github.com/SkyPanel/SkyPanel/v3/cmd/panel/run.go:123.17,124.40 1 0
github.com/SkyPanel/SkyPanel/v3/cmd/panel/run.go:125.15,126.38 1 0
github.com/SkyPanel/SkyPanel/v3/cmd/panel/run.go:127.14,128.37 1 0
github.com/SkyPanel/SkyPanel/v3/cmd/panel/run.go:129.11,130.40 1 0
github.com/SkyPanel/SkyPanel/v3/cmd/panel/run.go:133.3,144.35 4 0
github.com/SkyPanel/SkyPanel/v3/cmd/panel/run.go:144.35,146.4 1 0
github.com/SkyPanel/SkyPanel/v3/cmd/panel/run.go:149.2,149.34 1 0
github.com/SkyPanel/SkyPanel/v3/cmd/panel/run.go:149.34,151.17 2 0
github.com/SkyPanel/SkyPanel/v3/cmd/panel/run.go:151.17,155.48 2 0
github.com/SkyPanel/SkyPanel/v3/cmd/panel/run.go:155.48,157.5 1 0
github.com/SkyPanel/SkyPanel/v3/cmd/panel/run.go:157.10,160.5 2 0
github.com/SkyPanel/SkyPanel/v3/cmd/panel/run.go:164.2,167.16 3 0
github.com/SkyPanel/SkyPanel/v3/cmd/panel/run.go:167.16,171.3 3 0
github.com/SkyPanel/SkyPanel/v3/cmd/panel/run.go:173.2,179.12 3 0
github.com/SkyPanel/SkyPanel/v3/cmd/panel/run.go:179.12,181.58 2 0
github.com/SkyPanel/SkyPanel/v3/cmd/panel/run.go:181.58,184.4 2 0
github.com/SkyPanel/SkyPanel/v3/cmd/panel/run.go:187.2,188.8 2 0
github.com/SkyPanel/SkyPanel/v3/cmd/panel/run.go:191.19,196.23 2 0
github.com/SkyPanel/SkyPanel/v3/cmd/panel/run.go:196.23,198.3 1 0
github.com/SkyPanel/SkyPanel/v3/cmd/panel/run.go:200.2,205.37 5 0
github.com/SkyPanel/SkyPanel/v3/cmd/panel/run.go:205.37,208.17 3 0
github.com/SkyPanel/SkyPanel/v3/cmd/panel/run.go:208.17,210.4 1 0
github.com/SkyPanel/SkyPanel/v3/cmd/panel/run.go:213.2,214.18 2 0
github.com/SkyPanel/SkyPanel/v3/cmd/panel/run.go:217.14,222.2 2 0
github.com/SkyPanel/SkyPanel/v3/cmd/panel/run.go:224.21,232.16 5 0
github.com/SkyPanel/SkyPanel/v3/cmd/panel/run.go:232.16,234.3 1 0
github.com/SkyPanel/SkyPanel/v3/cmd/panel/run.go:236.2,236.72 1 0
github.com/SkyPanel/SkyPanel/v3/cmd/panel/run.go:236.72,239.37 3 0
github.com/SkyPanel/SkyPanel/v3/cmd/panel/run.go:239.37,241.4 1 0
github.com/SkyPanel/SkyPanel/v3/cmd/panel/run.go:244.2,245.16 2 0
github.com/SkyPanel/SkyPanel/v3/cmd/panel/run.go:245.16,247.3 1 0
github.com/SkyPanel/SkyPanel/v3/cmd/panel/run.go:249.2,250.16 2 0
github.com/SkyPanel/SkyPanel/v3/cmd/panel/run.go:250.16,252.3 1 0
github.com/SkyPanel/SkyPanel/v3/cmd/panel/run.go:255.2,257.42 3 0
github.com/SkyPanel/SkyPanel/v3/cmd/panel/run.go:257.42,259.3 1 0
github.com/SkyPanel/SkyPanel/v3/cmd/panel/run.go:260.2,266.43 4 0
github.com/SkyPanel/SkyPanel/v3/cmd/panel/run.go:266.43,268.28 2 0
github.com/SkyPanel/SkyPanel/v3/cmd/panel/run.go:268.28,272.4 3 0
github.com/SkyPanel/SkyPanel/v3/cmd/panel/run.go:274.2,274.12 1 0
github.com/SkyPanel/SkyPanel/v3/cmd/panel/runservice.go:19.54,22.29 2 0
github.com/SkyPanel/SkyPanel/v3/cmd/panel/runservice.go:22.29,24.3 1 0
github.com/SkyPanel/SkyPanel/v3/cmd/panel/runservice.go:26.2,30.14 4 0
github.com/SkyPanel/SkyPanel/v3/cmd/panel/runservice.go:33.32,41.27 2 0
github.com/SkyPanel/SkyPanel/v3/cmd/panel/runservice.go:41.27,44.3 2 0
github.com/SkyPanel/SkyPanel/v3/cmd/panel/runservice.go:46.2,48.16 2 0
github.com/SkyPanel/SkyPanel/v3/cmd/panel/runservice.go:48.16,51.3 2 0
github.com/SkyPanel/SkyPanel/v3/cmd/panel/runservice.go:52.2,54.50 2 0
github.com/SkyPanel/SkyPanel/v3/cmd/panel/runservice.go:54.50,57.3 2 0
github.com/SkyPanel/SkyPanel/v3/cmd/panel/user.go:43.13,50.2 5 0
github.com/SkyPanel/SkyPanel/v3/cmd/panel/user.go:52.57,55.17 3 0
github.com/SkyPanel/SkyPanel/v3/cmd/panel/user.go:55.17,56.19 1 0
github.com/SkyPanel/SkyPanel/v3/cmd/panel/user.go:56.19,58.16 2 0
github.com/SkyPanel/SkyPanel/v3/cmd/panel/user.go:58.16,60.5 1 0
github.com/SkyPanel/SkyPanel/v3/cmd/panel/user.go:62.3,64.36 3 0
github.com/SkyPanel/SkyPanel/v3/cmd/panel/user.go:68.51,71.17 3 0
github.com/SkyPanel/SkyPanel/v3/cmd/panel/user.go:71.17,72.19 1 0
github.com/SkyPanel/SkyPanel/v3/cmd/panel/user.go:72.19,74.16 2 0
github.com/SkyPanel/SkyPanel/v3/cmd/panel/user.go:74.16,76.5 1 0
github.com/SkyPanel/SkyPanel/v3/cmd/panel/user.go:78.3,80.30 3 0
github.com/SkyPanel/SkyPanel/v3/cmd/panel/user.go:84.57,87.17 3 0
github.com/SkyPanel/SkyPanel/v3/cmd/panel/user.go:87.17,88.19 1 0
github.com/SkyPanel/SkyPanel/v3/cmd/panel/user.go:88.19,90.16 2 0
github.com/SkyPanel/SkyPanel/v3/cmd/panel/user.go:90.16,92.5 1 0
github.com/SkyPanel/SkyPanel/v3/cmd/panel/user.go:94.3,97.17 4 0
github.com/SkyPanel/SkyPanel/v3/cmd/panel/user.go:97.17,98.12 1 0
github.com/SkyPanel/SkyPanel/v3/cmd/panel/user.go:101.3,102.27 2 0
github.com/SkyPanel/SkyPanel/v3/cmd/panel/user.go:102.27,104.4 1 0
github.com/SkyPanel/SkyPanel/v3/cmd/panel/user.go:108.44,117.77 3 0
github.com/SkyPanel/SkyPanel/v3/cmd/panel/user.go:117.77,119.3 1 0
github.com/SkyPanel/SkyPanel/v3/cmd/panel/user.go:121.2,125.15 4 0
github.com/SkyPanel/SkyPanel/v3/cmd/panel/user.go:125.15,127.3 1 0
github.com/SkyPanel/SkyPanel/v3/cmd/panel/user.go:129.2,130.16 2 0
github.com/SkyPanel/SkyPanel/v3/cmd/panel/user.go:130.16,133.3 2 0
github.com/SkyPanel/SkyPanel/v3/cmd/panel/user.go:134.2,136.51 2 0
github.com/SkyPanel/SkyPanel/v3/cmd/panel/user.go:136.51,143.17 3 0
github.com/SkyPanel/SkyPanel/v3/cmd/panel/user.go:143.17,146.4 2 0
github.com/SkyPanel/SkyPanel/v3/cmd/panel/user.go:148.3,150.17 3 0
github.com/SkyPanel/SkyPanel/v3/cmd/panel/user.go:150.17,153.4 2 0
github.com/SkyPanel/SkyPanel/v3/cmd/panel/user.go:155.3,157.17 3 0
github.com/SkyPanel/SkyPanel/v3/cmd/panel/user.go:157.17,160.4 2 0
github.com/SkyPanel/SkyPanel/v3/cmd/panel/user.go:163.3,165.20 2 0
github.com/SkyPanel/SkyPanel/v3/cmd/panel/user.go:165.20,167.4 1 0
github.com/SkyPanel/SkyPanel/v3/cmd/panel/user.go:169.3,170.17 2 0
github.com/SkyPanel/SkyPanel/v3/cmd/panel/user.go:170.17,173.4 2 0
github.com/SkyPanel/SkyPanel/v3/cmd/panel/user.go:175.3,175.13 1 0
github.com/SkyPanel/SkyPanel/v3/cmd/panel/user.go:176.17,178.3 1 0
github.com/SkyPanel/SkyPanel/v3/cmd/panel/user.go:180.2,180.35 1 0
github.com/SkyPanel/SkyPanel/v3/cmd/panel/user.go:183.43,188.2 4 0
github.com/SkyPanel/SkyPanel/v3/cmd/panel/user.go:190.46,195.2 4 0
github.com/SkyPanel/SkyPanel/v3/cmd/panel/user.go:197.46,199.9 2 0
github.com/SkyPanel/SkyPanel/v3/cmd/panel/user.go:199.9,201.3 1 0
github.com/SkyPanel/SkyPanel/v3/cmd/panel/user.go:202.2,203.32 2 0
github.com/SkyPanel/SkyPanel/v3/cmd/panel/user.go:213.63,218.16 4 0
github.com/SkyPanel/SkyPanel/v3/cmd/panel/user.go:218.16,220.3 1 0
github.com/SkyPanel/SkyPanel/v3/cmd/panel/user.go:220.8,222.3 1 0
github.com/SkyPanel/SkyPanel/v3/cmd/panel/user.go:225.60,230.16 4 0
github.com/SkyPanel/SkyPanel/v3/cmd/panel/user.go:230.16,232.3 1 0
github.com/SkyPanel/SkyPanel/v3/cmd/panel/user.go:232.8,234.3 1 0
github.com/SkyPanel/SkyPanel/v3/cmd/panel/user.go:237.63,241.16 3 0
github.com/SkyPanel/SkyPanel/v3/cmd/panel/user.go:241.16,244.3 2 0
github.com/SkyPanel/SkyPanel/v3/cmd/panel/user.go:245.2,246.16 2 0
github.com/SkyPanel/SkyPanel/v3/cmd/panel/user.go:246.16,248.3 1 0
github.com/SkyPanel/SkyPanel/v3/cmd/panel/user.go:248.8,250.3 1 0
github.com/SkyPanel/SkyPanel/v3/cmd/panel/user.go:253.60,256.24 2 0
github.com/SkyPanel/SkyPanel/v3/cmd/panel/user.go:256.24,258.3 1 0
github.com/SkyPanel/SkyPanel/v3/cmd/panel/user.go:260.2,262.16 3 0
github.com/SkyPanel/SkyPanel/v3/cmd/panel/user.go:262.16,265.3 2 0
github.com/SkyPanel/SkyPanel/v3/cmd/panel/user.go:268.2,271.9 3 0
github.com/SkyPanel/SkyPanel/v3/cmd/panel/user.go:272.40,273.66 1 0
github.com/SkyPanel/SkyPanel/v3/cmd/panel/user.go:274.39,275.69 1 0
github.com/SkyPanel/SkyPanel/v3/cmd/panel/user.go:276.10,277.9 1 0
github.com/SkyPanel/SkyPanel/v3/cmd/panel/user.go:280.2,281.16 2 0
github.com/SkyPanel/SkyPanel/v3/cmd/panel/user.go:281.16,284.3 2 0
github.com/SkyPanel/SkyPanel/v3/cmd/panel/user.go:286.2,286.59 1 0
github.com/SkyPanel/SkyPanel/v3/cmd/panel/user.go:286.59,288.3 1 0
[...]
github.com/SkyPanel/SkyPanel/v3/internal/web/oauth2/token.go:92.5,92.67 1 0
github.com/SkyPanel/SkyPanel/v3/internal/web/oauth2/token.go:92.67,95.6 2 0
github.com/SkyPanel/SkyPanel/v3/internal/web/oauth2/token.go:97.4,97.35 1 0
github.com/SkyPanel/SkyPanel/v3/internal/web/oauth2/token.go:97.35,99.5 1 0
github.com/SkyPanel/SkyPanel/v3/internal/web/oauth2/token.go:101.4,107.10 2 0
github.com/SkyPanel/SkyPanel/v3/internal/web/oauth2/token.go:109.18,110.3 1 0
github.com/SkyPanel/SkyPanel/v3/internal/web/oauth2/token.go:110.3,112.57 2 0
github.com/SkyPanel/SkyPanel/v3/internal/web/oauth2/token.go:112.57,116.5 3 0
github.com/SkyPanel/SkyPanel/v3/internal/web/oauth2/token.go:119.4,121.18 3 0
github.com/SkyPanel/SkyPanel/v3/internal/web/oauth2/token.go:121.18,124.5 2 0
github.com/SkyPanel/SkyPanel/v3/internal/web/oauth2/token.go:126.4,131.23 4 0
github.com/SkyPanel/SkyPanel/v3/internal/web/oauth2/token.go:131.23,134.5 2 0
github.com/SkyPanel/SkyPanel/v3/internal/web/oauth2/token.go:135.4,136.18 2 0
github.com/SkyPanel/SkyPanel/v3/internal/web/oauth2/token.go:136.18,139.5 2 0
github.com/SkyPanel/SkyPanel/v3/internal/web/oauth2/token.go:141.4,142.18 2 0
github.com/SkyPanel/SkyPanel/v3/internal/web/oauth2/token.go:142.18,145.5 2 0
github.com/SkyPanel/SkyPanel/v3/internal/web/oauth2/token.go:148.4,148.33 1 0
github.com/SkyPanel/SkyPanel/v3/internal/web/oauth2/token.go:148.33,151.5 2 0
github.com/SkyPanel/SkyPanel/v3/internal/web/oauth2/token.go:154.4,156.18 3 0
github.com/SkyPanel/SkyPanel/v3/internal/web/oauth2/token.go:156.18,159.5 2 0
github.com/SkyPanel/SkyPanel/v3/internal/web/oauth2/token.go:162.4,164.18 3 0
github.com/SkyPanel/SkyPanel/v3/internal/web/oauth2/token.go:164.18,167.5 2 0
github.com/SkyPanel/SkyPanel/v3/internal/web/oauth2/token.go:169.4,169.16 1 0
github.com/SkyPanel/SkyPanel/v3/internal/web/oauth2/token.go:169.16,172.5 2 0
github.com/SkyPanel/SkyPanel/v3/internal/web/oauth2/token.go:175.4,177.18 3 0
github.com/SkyPanel/SkyPanel/v3/internal/web/oauth2/token.go:177.18,181.5 3 0
github.com/SkyPanel/SkyPanel/v3/internal/web/oauth2/token.go:183.4,188.6 1 0
github.com/SkyPanel/SkyPanel/v3/internal/web/oauth2/token.go:190.10,191.88 1 0
github.com/SkyPanel/SkyPanel/v3/test/test_config.go:9.13,11.16 2 0
github.com/SkyPanel/SkyPanel/v3/test/test_config.go:11.16,13.3 1 0
github.com/SkyPanel/SkyPanel/v3/test/test_config.go:14.2,15.67 2 0
github.com/SkyPanel/SkyPanel/v3/test/integration/test_db.go:13.37,16.16 2 0
github.com/SkyPanel/SkyPanel/v3/test/integration/test_db.go:16.16,18.3 1 0
github.com/SkyPanel/SkyPanel/v3/test/integration/test_db.go:20.2,25.16 4 0
github.com/SkyPanel/SkyPanel/v3/test/integration/test_db.go:25.16,27.3 1 0
github.com/SkyPanel/SkyPanel/v3/test/integration/test_db.go:30.2,32.16 3 0
github.com/SkyPanel/SkyPanel/v3/test/integration/test_db.go:32.16,34.3 1 0
github.com/SkyPanel/SkyPanel/v3/test/integration/test_db.go:36.2,37.23 2 0
github.com/SkyPanel/SkyPanel/v3/test/integration/test_db.go:37.23,39.3 1 0
github.com/SkyPanel/SkyPanel/v3/test/integration/test_db.go:40.2,40.28 1 0
github.com/SkyPanel/SkyPanel/v3/test/integration/test_db.go:40.28,42.3 1 0
github.com/SkyPanel/SkyPanel/v3/test/integration/test_genai.go:10.44,19.2 4 0
github.com/SkyPanel/SkyPanel/v3/tools/curseforge/main.go:76.13,77.40 1 0
github.com/SkyPanel/SkyPanel/v3/tools/curseforge/main.go:77.40,79.3 1 0
github.com/SkyPanel/SkyPanel/v3/tools/curseforge/main.go:80.2,80.38 1 0
github.com/SkyPanel/SkyPanel/v3/tools/curseforge/main.go:80.38,82.3 1 0
github.com/SkyPanel/SkyPanel/v3/tools/curseforge/main.go:84.2,95.33 8 0
github.com/SkyPanel/SkyPanel/v3/tools/curseforge/main.go:95.33,98.22 2 0
github.com/SkyPanel/SkyPanel/v3/tools/curseforge/main.go:98.22,99.36 1 0
github.com/SkyPanel/SkyPanel/v3/tools/curseforge/main.go:99.36,100.13 1 0
github.com/SkyPanel/SkyPanel/v3/tools/curseforge/main.go:104.3,105.28 2 0
github.com/SkyPanel/SkyPanel/v3/tools/curseforge/main.go:105.28,107.4 1 0
github.com/SkyPanel/SkyPanel/v3/tools/curseforge/main.go:108.3,117.17 7 0
github.com/SkyPanel/SkyPanel/v3/tools/curseforge/main.go:117.17,119.12 2 0
github.com/SkyPanel/SkyPanel/v3/tools/curseforge/main.go:121.3,124.17 3 0
github.com/SkyPanel/SkyPanel/v3/tools/curseforge/main.go:124.17,126.12 2 0
github.com/SkyPanel/SkyPanel/v3/tools/curseforge/main.go:129.3,137.26 4 0
github.com/SkyPanel/SkyPanel/v3/tools/curseforge/main.go:137.26,139.12 2 0
github.com/SkyPanel/SkyPanel/v3/tools/curseforge/main.go:141.3,142.127 2 0
github.com/SkyPanel/SkyPanel/v3/tools/curseforge/main.go:142.127,144.4 1 0
github.com/SkyPanel/SkyPanel/v3/tools/curseforge/main.go:144.9,147.50 3 0
github.com/SkyPanel/SkyPanel/v3/tools/curseforge/main.go:147.50,149.13 2 0
github.com/SkyPanel/SkyPanel/v3/tools/curseforge/main.go:151.4,151.83 1 0
github.com/SkyPanel/SkyPanel/v3/tools/curseforge/main.go:151.83,153.5 1 0
github.com/SkyPanel/SkyPanel/v3/tools/curseforge/main.go:153.10,155.5 1 0
github.com/SkyPanel/SkyPanel/v3/tools/curseforge/main.go:159.2,160.28 2 0
github.com/SkyPanel/SkyPanel/v3/tools/curseforge/main.go:160.28,162.15 2 0
github.com/SkyPanel/SkyPanel/v3/tools/curseforge/main.go:162.15,164.4 1 0
github.com/SkyPanel/SkyPanel/v3/tools/curseforge/main.go:164.9,166.18 2 0
github.com/SkyPanel/SkyPanel/v3/tools/curseforge/main.go:166.18,168.5 1 0
github.com/SkyPanel/SkyPanel/v3/tools/curseforge/main.go:172.2,172.12 1 0
github.com/SkyPanel/SkyPanel/v3/tools/curseforge/main.go:172.12,174.3 1 0
github.com/SkyPanel/SkyPanel/v3/tools/unshare/main.go:68.13,70.22 2 0
github.com/SkyPanel/SkyPanel/v3/tools/unshare/main.go:70.22,72.3 1 0
github.com/SkyPanel/SkyPanel/v3/tools/unshare/main.go:75.2,87.63 9 0
github.com/SkyPanel/SkyPanel/v3/tools/unshare/main.go:102.47,113.15 4 0
github.com/SkyPanel/SkyPanel/v3/tools/unshare/main.go:113.15,115.3 1 0
github.com/SkyPanel/SkyPanel/v3/tools/unshare/main.go:116.2,116.16 1 0
github.com/SkyPanel/SkyPanel/v3/tools/unshare/main.go:116.16,117.13 1 0
github.com/SkyPanel/SkyPanel/v3/tools/unshare/main.go:119.2,147.16 5 0
github.com/SkyPanel/SkyPanel/v3/tools/unshare/main.go:147.16,148.13 1 0
github.com/SkyPanel/SkyPanel/v3/tools/formatter/main.go:16.13,21.16 4 0
github.com/SkyPanel/SkyPanel/v3/tools/formatter/main.go:21.16,22.13 1 0
github.com/SkyPanel/SkyPanel/v3/tools/formatter/main.go:26.67,27.16 1 0
github.com/SkyPanel/SkyPanel/v3/tools/formatter/main.go:27.16,29.3 1 0
github.com/SkyPanel/SkyPanel/v3/tools/formatter/main.go:31.2,33.18 2 0
github.com/SkyPanel/SkyPanel/v3/tools/formatter/main.go:33.18,35.3 1 0
github.com/SkyPanel/SkyPanel/v3/tools/formatter/main.go:36.2,36.40 1 0
github.com/SkyPanel/SkyPanel/v3/tools/formatter/main.go:36.40,38.3 1 0
github.com/SkyPanel/SkyPanel/v3/tools/formatter/main.go:39.2,39.62 1 0
github.com/SkyPanel/SkyPanel/v3/tools/formatter/main.go:39.62,41.3 1 0
github.com/SkyPanel/SkyPanel/v3/tools/formatter/main.go:42.2,42.46 1 0
github.com/SkyPanel/SkyPanel/v3/tools/formatter/main.go:42.46,44.3 1 0
github.com/SkyPanel/SkyPanel/v3/tools/formatter/main.go:46.2,49.16 3 0
github.com/SkyPanel/SkyPanel/v3/tools/formatter/main.go:49.16,51.3 1 0
github.com/SkyPanel/SkyPanel/v3/tools/formatter/main.go:52.2,52.34 1 0
github.com/SkyPanel/SkyPanel/v3/tools/formatter/main.go:55.54,58.16 3 0
github.com/SkyPanel/SkyPanel/v3/tools/formatter/main.go:58.16,60.3 1 0
github.com/SkyPanel/SkyPanel/v3/tools/formatter/main.go:61.2,64.22 3 0
github.com/SkyPanel/SkyPanel/v3/tools/formatter/main.go:67.62,69.16 2 0
github.com/SkyPanel/SkyPanel/v3/tools/formatter/main.go:69.16,71.3 1 0
github.com/SkyPanel/SkyPanel/v3/tools/formatter/main.go:72.2,78.12 6 0
github.com/SkyPanel/SkyPanel/v3/tools/templatetester/flags.go:10.13,28.16 16 0
github.com/SkyPanel/SkyPanel/v3/tools/templatetester/flags.go:28.16,30.3 1 0
github.com/SkyPanel/SkyPanel/v3/tools/templatetester/flags.go:30.8,32.3 1 0
github.com/SkyPanel/SkyPanel/v3/tools/templatetester/flags.go:34.2,34.20 1 0
github.com/SkyPanel/SkyPanel/v3/tools/templatetester/flags.go:34.20,36.3 1 0
github.com/SkyPanel/SkyPanel/v3/tools/templatetester/flags.go:36.8,38.3 1 0
github.com/SkyPanel/SkyPanel/v3/tools/templatetester/flags.go:40.2,40.17 1 0
github.com/SkyPanel/SkyPanel/v3/tools/templatetester/flags.go:40.17,42.3 1 0
github.com/SkyPanel/SkyPanel/v3/tools/templatetester/flags.go:42.8,44.3 1 0
github.com/SkyPanel/SkyPanel/v3/tools/templatetester/main.go:35.13,36.29 1 0
github.com/SkyPanel/SkyPanel/v3/tools/templatetester/main.go:36.29,38.3 1 0
github.com/SkyPanel/SkyPanel/v3/tools/templatetester/main.go:39.2,39.33 1 0
github.com/SkyPanel/SkyPanel/v3/tools/templatetester/main.go:39.33,41.3 1 0
github.com/SkyPanel/SkyPanel/v3/tools/templatetester/main.go:42.2,42.30 1 0
github.com/SkyPanel/SkyPanel/v3/tools/templatetester/main.go:42.30,44.3 1 0
github.com/SkyPanel/SkyPanel/v3/tools/templatetester/main.go:46.2,47.31 2 0
github.com/SkyPanel/SkyPanel/v3/tools/templatetester/main.go:47.31,52.3 3 0
github.com/SkyPanel/SkyPanel/v3/tools/templatetester/main.go:52.8,53.97 1 0
github.com/SkyPanel/SkyPanel/v3/tools/templatetester/main.go:53.97,54.35 1 0
github.com/SkyPanel/SkyPanel/v3/tools/templatetester/main.go:54.35,56.5 1 0
github.com/SkyPanel/SkyPanel/v3/tools/templatetester/main.go:57.4,57.29 1 0
github.com/SkyPanel/SkyPanel/v3/tools/templatetester/main.go:59.3,59.40 1 0
github.com/SkyPanel/SkyPanel/v3/tools/templatetester/main.go:59.40,61.4 1 0
github.com/SkyPanel/SkyPanel/v3/tools/templatetester/main.go:64.2,64.25 1 0
github.com/SkyPanel/SkyPanel/v3/tools/templatetester/main.go:64.25,65.16 1 0
github.com/SkyPanel/SkyPanel/v3/tools/templatetester/main.go:65.16,67.4 1 0
github.com/SkyPanel/SkyPanel/v3/tools/templatetester/main.go:70.2,72.21 2 0
github.com/SkyPanel/SkyPanel/v3/tools/templatetester/main.go:72.21,75.3 2 0
github.com/SkyPanel/SkyPanel/v3/tools/templatetester/main.go:77.2,77.25 1 0
github.com/SkyPanel/SkyPanel/v3/tools/templatetester/main.go:77.25,79.27 2 0
github.com/SkyPanel/SkyPanel/v3/tools/templatetester/main.go:79.27,81.4 1 0
github.com/SkyPanel/SkyPanel/v3/tools/templatetester/main.go:82.3,85.20 4 0
github.com/SkyPanel/SkyPanel/v3/tools/templatetester/main.go:85.20,89.17 4 0
github.com/SkyPanel/SkyPanel/v3/tools/templatetester/main.go:89.17,91.5 1 0
github.com/SkyPanel/SkyPanel/v3/tools/templatetester/main.go:92.4,93.16 2 0
github.com/SkyPanel/SkyPanel/v3/tools/templatetester/main.go:95.3,95.9 1 0
github.com/SkyPanel/SkyPanel/v3/tools/templatetester/main.go:103.2,116.15 9 0
github.com/SkyPanel/SkyPanel/v3/tools/templatetester/main.go:116.15,117.25 1 0
github.com/SkyPanel/SkyPanel/v3/tools/templatetester/main.go:117.25,119.4 1 0
github.com/SkyPanel/SkyPanel/v3/tools/templatetester/main.go:120.3,121.32 2 0
github.com/SkyPanel/SkyPanel/v3/tools/templatetester/main.go:124.2,124.12 1 0
github.com/SkyPanel/SkyPanel/v3/tools/templatetester/main.go:124.12,148.23 12 0
github.com/SkyPanel/SkyPanel/v3/tools/templatetester/main.go:148.23,149.37 1 0
github.com/SkyPanel/SkyPanel/v3/tools/templatetester/main.go:149.37,151.5 1 0
github.com/SkyPanel/SkyPanel/v3/tools/templatetester/main.go:153.3,153.13 1 0
github.com/SkyPanel/SkyPanel/v3/tools/templatetester/main.go:157.2,174.23 10 0
github.com/SkyPanel/SkyPanel/v3/tools/templatetester/main.go:174.23,176.3 1 0
github.com/SkyPanel/SkyPanel/v3/tools/templatetester/main.go:179.71,185.60 5 0
github.com/SkyPanel/SkyPanel/v3/tools/templatetester/main.go:185.60,188.3 2 0
github.com/SkyPanel/SkyPanel/v3/tools/templatetester/main.go:190.2,212.6 7 0
github.com/SkyPanel/SkyPanel/v3/tools/templatetester/main.go:212.6,225.25 7 0
github.com/SkyPanel/SkyPanel/v3/tools/templatetester/main.go:225.25,226.9 1 0
github.com/SkyPanel/SkyPanel/v3/tools/templatetester/main.go:231.2,240.6 4 0
github.com/SkyPanel/SkyPanel/v3/tools/templatetester/main.go:240.6,253.24 7 0
github.com/SkyPanel/SkyPanel/v3/tools/templatetester/main.go:253.24,255.4 1 0
github.com/SkyPanel/SkyPanel/v3/tools/templatetester/main.go:256.3,256.22 1 0
github.com/SkyPanel/SkyPanel/v3/tools/templatetester/main.go:256.22,258.4 1 0
github.com/SkyPanel/SkyPanel/v3/tools/templatetester/main.go:259.3,259.53 1 0
github.com/SkyPanel/SkyPanel/v3/tools/templatetester/main.go:259.53,260.9 1 0
github.com/SkyPanel/SkyPanel/v3/tools/templatetester/main.go:265.2,274.6 4 0
github.com/SkyPanel/SkyPanel/v3/tools/templatetester/main.go:274.6,287.22 7 0
github.com/SkyPanel/SkyPanel/v3/tools/templatetester/main.go:287.22,288.9 1 0
github.com/SkyPanel/SkyPanel/v3/tools/templatetester/main.go:290.3,290.53 1 0
github.com/SkyPanel/SkyPanel/v3/tools/templatetester/main.go:290.53,292.4 1 0
github.com/SkyPanel/SkyPanel/v3/tools/templatetester/main.go:296.2,302.14 2 0
github.com/SkyPanel/SkyPanel/v3/tools/templatetester/main.go:305.60,306.15 1 0
github.com/SkyPanel/SkyPanel/v3/tools/templatetester/main.go:306.15,308.3 1 0
github.com/SkyPanel/SkyPanel/v3/tools/templatetester/main.go:310.2,313.6 3 0
github.com/SkyPanel/SkyPanel/v3/tools/templatetester/main.go:313.6,316.17 3 0
github.com/SkyPanel/SkyPanel/v3/tools/templatetester/main.go:316.17,318.4 1 0
github.com/SkyPanel/SkyPanel/v3/tools/templatetester/main.go:319.3,323.25 3 0
github.com/SkyPanel/SkyPanel/v3/tools/templatetester/main.go:323.25,325.4 1 0
github.com/SkyPanel/SkyPanel/v3/tools/templatetester/main.go:325.9,325.35 1 0
github.com/SkyPanel/SkyPanel/v3/tools/templatetester/main.go:325.35,326.9 1 0
github.com/SkyPanel/SkyPanel/v3/tools/templatetester/main.go:338.44,340.16 2 0
github.com/SkyPanel/SkyPanel/v3/tools/templatetester/main.go:340.16,342.3 1 0
github.com/SkyPanel/SkyPanel/v3/tools/templatetester/main.go:344.2,349.12 3 0
github.com/SkyPanel/SkyPanel/v3/tools/templatetester/main.go:352.49,355.16 3 0
github.com/SkyPanel/SkyPanel/v3/tools/templatetester/main.go:355.16,357.3 1 0
github.com/SkyPanel/SkyPanel/v3/tools/templatetester/main.go:358.2,359.19 2 0
github.com/SkyPanel/SkyPanel/v3/tools/templatetester/main.go:362.80,364.15 2 0
github.com/SkyPanel/SkyPanel/v3/tools/templatetester/main.go:364.15,365.46 1 0
github.com/SkyPanel/SkyPanel/v3/tools/templatetester/main.go:365.46,367.4 1 0
github.com/SkyPanel/SkyPanel/v3/tools/templatetester/main.go:370.2,370.16 1 0
github.com/SkyPanel/SkyPanel/v3/tools/templatetester/main.go:370.16,372.3 1 0
github.com/SkyPanel/SkyPanel/v3/tools/templatetester/main.go:374.2,375.19 2 0
github.com/SkyPanel/SkyPanel/v3/tools/templatetester/main.go:375.19,377.3 1 0
github.com/SkyPanel/SkyPanel/v3/tools/templatetester/main.go:379.2,379.75 1 0
github.com/SkyPanel/SkyPanel/v3/tools/templatetester/main.go:379.75,381.3 1 0
github.com/SkyPanel/SkyPanel/v3/tools/templatetester/main.go:382.2,382.8 1 0
github.com/SkyPanel/SkyPanel/v3/tools/templatetester/main.go:385.37,389.2 3 0
github.com/SkyPanel/SkyPanel/v3/tools/templatetester/main.go:391.48,395.2 3 0
github.com/SkyPanel/SkyPanel/v3/tools/templatetester/util.go:20.25,21.16 1 0
github.com/SkyPanel/SkyPanel/v3/tools/templatetester/util.go:21.16,22.13 1 0
github.com/SkyPanel/SkyPanel/v3/tools/templatetester/util.go:26.71,28.16 2 0
github.com/SkyPanel/SkyPanel/v3/tools/templatetester/util.go:28.16,30.3 1 0
github.com/SkyPanel/SkyPanel/v3/tools/templatetester/util.go:31.2,35.21 4 0
github.com/SkyPanel/SkyPanel/v3/tools/templatetester/util.go:35.21,41.3 5 0
github.com/SkyPanel/SkyPanel/v3/tools/templatetester/util.go:42.2,42.20 1 0
github.com/SkyPanel/SkyPanel/v3/tools/templatetester/util.go:45.61,47.16 2 0
github.com/SkyPanel/SkyPanel/v3/tools/templatetester/util.go:47.16,49.3 1 0
github.com/SkyPanel/SkyPanel/v3/tools/templatetester/util.go:50.2,54.20 4 0
github.com/SkyPanel/SkyPanel/v3/tools/templatetester/util.go:57.35,60.26 2 0
github.com/SkyPanel/SkyPanel/v3/tools/templatetester/util.go:60.26,61.72 1 0
github.com/SkyPanel/SkyPanel/v3/tools/templatetester/util.go:61.72,74.4 6 0
github.com/SkyPanel/SkyPanel/v3/tools/templatetester/util.go:77.2,82.41 4 0
github.com/SkyPanel/SkyPanel/v3/tools/templatetester/util.go:82.41,83.63 1 0
github.com/SkyPanel/SkyPanel/v3/tools/templatetester/util.go:83.63,84.12 1 0
github.com/SkyPanel/SkyPanel/v3/tools/templatetester/util.go:87.3,89.90 2 0
github.com/SkyPanel/SkyPanel/v3/tools/templatetester/util.go:89.90,91.12 2 0
github.com/SkyPanel/SkyPanel/v3/tools/templatetester/util.go:94.3,98.30 4 0
github.com/SkyPanel/SkyPanel/v3/tools/templatetester/util.go:98.30,99.34 1 0
github.com/SkyPanel/SkyPanel/v3/tools/templatetester/util.go:99.34,100.13 1 0
github.com/SkyPanel/SkyPanel/v3/tools/templatetester/util.go:103.4,105.31 2 0
github.com/SkyPanel/SkyPanel/v3/tools/templatetester/util.go:105.31,107.38 2 0
github.com/SkyPanel/SkyPanel/v3/tools/templatetester/util.go:107.38,108.26 1 0
github.com/SkyPanel/SkyPanel/v3/tools/templatetester/util.go:108.26,110.12 2 0
github.com/SkyPanel/SkyPanel/v3/tools/templatetester/util.go:113.5,113.14 1 0
github.com/SkyPanel/SkyPanel/v3/tools/templatetester/util.go:113.14,115.14 2 0
github.com/SkyPanel/SkyPanel/v3/tools/templatetester/util.go:119.4,120.47 2 0
github.com/SkyPanel/SkyPanel/v3/tools/templatetester/util.go:120.47,128.19 6 0
github.com/SkyPanel/SkyPanel/v3/tools/templatetester/util.go:128.19,131.6 2 0
github.com/SkyPanel/SkyPanel/v3/tools/templatetester/util.go:131.11,131.35 1 0
github.com/SkyPanel/SkyPanel/v3/tools/templatetester/util.go:131.35,133.6 1 0
github.com/SkyPanel/SkyPanel/v3/tools/templatetester/util.go:135.5,140.12 5 0
github.com/SkyPanel/SkyPanel/v3/tools/templatetester/util.go:141.21,143.30 2 0
github.com/SkyPanel/SkyPanel/v3/tools/templatetester/util.go:143.30,156.7 2 0
github.com/SkyPanel/SkyPanel/v3/tools/templatetester/util.go:157.6,157.18 1 0
github.com/SkyPanel/SkyPanel/v3/tools/templatetester/util.go:158.29,161.49 1 0
github.com/SkyPanel/SkyPanel/v3/tools/templatetester/util.go:161.49,162.56 1 0
github.com/SkyPanel/SkyPanel/v3/tools/templatetester/util.go:162.56,175.28 3 0
github.com/SkyPanel/SkyPanel/v3/tools/templatetester/util.go:175.28,177.9 1 0
github.com/SkyPanel/SkyPanel/v3/tools/templatetester/util.go:179.8,179.37 1 0
github.com/SkyPanel/SkyPanel/v3/tools/templatetester/util.go:179.37,181.9 1 0
github.com/SkyPanel/SkyPanel/v3/tools/templatetester/util.go:183.8,185.55 3 0
github.com/SkyPanel/SkyPanel/v3/tools/templatetester/util.go:187.12,193.7 2 0
github.com/SkyPanel/SkyPanel/v3/tools/templatetester/util.go:194.13,195.18 1 0
github.com/SkyPanel/SkyPanel/v3/tools/templatetester/util.go:201.2,202.41 2 0
github.com/SkyPanel/SkyPanel/v3/tools/templatetester/util.go:202.41,204.35 2 0
github.com/SkyPanel/SkyPanel/v3/tools/templatetester/util.go:204.35,205.47 1 0
github.com/SkyPanel/SkyPanel/v3/tools/templatetester/util.go:205.47,207.10 2 0
github.com/SkyPanel/SkyPanel/v3/tools/templatetester/util.go:210.3,210.11 1 0
github.com/SkyPanel/SkyPanel/v3/tools/templatetester/util.go:210.11,211.40 1 0
github.com/SkyPanel/SkyPanel/v3/tools/templatetester/util.go:211.40,212.48 1 0
github.com/SkyPanel/SkyPanel/v3/tools/templatetester/util.go:212.48,214.11 2 0
github.com/SkyPanel/SkyPanel/v3/tools/templatetester/util.go:218.4,218.12 1 0
github.com/SkyPanel/SkyPanel/v3/tools/templatetester/util.go:218.12,220.13 2 0
github.com/SkyPanel/SkyPanel/v3/tools/templatetester/util.go:223.3,224.58 2 0
github.com/SkyPanel/SkyPanel/v3/tools/templatetester/util.go:227.2,227.26 1 0
github.com/SkyPanel/SkyPanel/v3/tools/templatetester/util.go:230.44,235.24 4 0
github.com/SkyPanel/SkyPanel/v3/tools/templatetester/util.go:235.24,238.3 2 0
github.com/SkyPanel/SkyPanel/v3/tools/templatetester/util.go:241.61,250.44 3 0
github.com/SkyPanel/SkyPanel/v3/tools/templatetester/util.go:250.44,252.9 2 0
github.com/SkyPanel/SkyPanel/v3/tools/templatetester/util.go:252.9,255.4 2 0
github.com/SkyPanel/SkyPanel/v3/tools/templatetester/util.go:258.2,260.48 2 0
github.com/SkyPanel/SkyPanel/v3/tools/templatetester/util.go:260.48,261.24 1 0
github.com/SkyPanel/SkyPanel/v3/tools/templatetester/util.go:261.24,263.4 1 0
github.com/SkyPanel/SkyPanel/v3/tools/templatetester/util.go:266.2,266.46 1 0
github.com/SkyPanel/SkyPanel/v3/tools/templatetester/util.go:266.46,268.3 1 0
github.com/SkyPanel/SkyPanel/v3/tools/templatetester/util.go:270.2,272.26 3 0
